#
# There is insufficient memory for the Java Runtime Environment to continue.
# Native memory allocation (malloc) failed to allocate 1048576 bytes for AllocateHeap
# Possible reasons:
#   The system is out of physical RAM or swap space
#   The process is running with CompressedOops enabled, and the Java Heap may be blocking the growth of the native heap
# Possible solutions:
#   Reduce memory load on the system
#   Increase physical memory or swap space
#   Check if swap backing store is full
#   Decrease Java heap size (-Xmx/-Xms)
#   Decrease number of Java threads
#   Decrease Java thread stack sizes (-Xss)
#   Set larger code cache with -XX:ReservedCodeCacheSize=
#   JVM is running with Unscaled Compressed Oops mode in which the Java heap is
#     placed in the first 4GB address space. The Java Heap base address is the
#     maximum limit for the native heap growth. Please use -XX:HeapBaseMinAddress
#     to set the Java Heap base and to place the Java Heap above 4GB virtual address.
# This output file may be truncated or incomplete.
#
#  Out of Memory Error (memory/allocation.inline.hpp:61), pid=22852, tid=0x0000000000004cc4
#
# JRE version:  (8.0_241-b07) (build )
# Java VM: Java HotSpot(TM) 64-Bit Server VM (25.241-b07 mixed mode windows-amd64 compressed oops)
# Failed to write core dump. Minidumps are not enabled by default on client versions of Windows
#

---------------  T H R E A D  ---------------

Current thread (0x0000000002d62800):  JavaThread "Unknown thread" [_thread_in_vm, id=19652, stack(0x0000000002c60000,0x0000000002d60000)]

Stack: [0x0000000002c60000,0x0000000002d60000]
[error occurred during error reporting (printing stack bounds), id 0xc0000005]

Native frames: (J=compiled Java code, j=interpreted, Vv=VM code, C=native code)


---------------  P R O C E S S  ---------------

Java Threads: ( => current thread )

Other Threads:

=>0x0000000002d62800 (exited) JavaThread "Unknown thread" [_thread_in_vm, id=19652, stack(0x0000000002c60000,0x0000000002d60000)]

VM state:not at safepoint (normal execution)

VM Mutex/Monitor currently owned by a thread: None

heap address: 0x00000000ff000000, size: 16 MB, Compressed Oops mode: 32-bit
Narrow klass base: 0x0000000000000000, Narrow klass shift: 3
Compressed class space size: 1073741824 Address: 0x0000000100000000

Heap:
 PSYoungGen      total 4608K, used 81K [0x00000000ffb00000, 0x0000000100000000, 0x0000000100000000)
  eden space 4096K, 2% used [0x00000000ffb00000,0x00000000ffb147b8,0x00000000fff00000)
  from space 512K, 0% used [0x00000000fff80000,0x00000000fff80000,0x0000000100000000)
  to   space 512K, 0% used [0x00000000fff00000,0x00000000fff00000,0x00000000fff80000)
 ParOldGen       total 11264K, used 0K [0x00000000ff000000, 0x00000000ffb00000, 0x00000000ffb00000)
  object space 11264K, 0% used [0x00000000ff000000,0x00000000ff000000,0x00000000ffb00000)
 Metaspace       used 776K, capacity 4480K, committed 4480K, reserved 1056768K
  class space    used 76K, capacity 384K, committed 384K, reserved 1048576K

Card table byte_map: [0x0000000002730000,0x0000000002740000] byte_map_base: 0x0000000001f38000

Marking Bits: (ParMarkBitMap*) 0x000000006248be30
 Begin Bits: [0x0000000012a20000, 0x0000000012a60000)
 End Bits:   [0x0000000012a60000, 0x0000000012aa0000)

Polling page: 0x0000000000e50000

CodeCache: size=245760Kb used=328Kb max_used=328Kb free=245431Kb
 bounds [0x0000000002e60000, 0x00000000030d0000, 0x0000000011e60000]
 total_blobs=58 nmethods=0 adapters=38
 compilation: enabled

Compilation events (0 events):
No events

GC Heap History (0 events):
No events

Deoptimization events (0 events):
No events

Classes redefined (0 events):
No events

Internal exceptions (0 events):
No events

Events (10 events):
Event: 0.115 loading class java/lang/Short
Event: 0.115 loading class java/lang/Short done
Event: 0.115 loading class java/lang/Integer
Event: 0.116 loading class java/lang/Integer done
Event: 0.116 loading class java/lang/Long
Event: 0.116 loading class java/lang/Long done
Event: 0.117 loading class java/lang/NullPointerException
Event: 0.117 loading class java/lang/NullPointerException done
Event: 0.117 loading class java/lang/ArithmeticException
Event: 0.117 loading class java/lang/ArithmeticException done


Dynamic libraries:
0x00007ff6d18b0000 - 0x00007ff6d18e7000 	C:\Program Files\Java\jdk1.8.0_241\bin\javaw.exe
0x00007fff07650000 - 0x00007fff07845000 	C:\WINDOWS\SYSTEM32\ntdll.dll
0x00007fff06710000 - 0x00007fff067cd000 	C:\WINDOWS\System32\KERNEL32.DLL
0x00007fff04ea0000 - 0x00007fff05168000 	C:\WINDOWS\System32\KERNELBASE.dll
0x00007fff05c70000 - 0x00007fff05d1c000 	C:\WINDOWS\System32\ADVAPI32.dll
0x00007fff05d20000 - 0x00007fff05dbe000 	C:\WINDOWS\System32\msvcrt.dll
0x00007fff06130000 - 0x00007fff061cb000 	C:\WINDOWS\System32\sechost.dll
0x00007fff07000000 - 0x00007fff0712b000 	C:\WINDOWS\System32\RPCRT4.dll
0x00007fff072e0000 - 0x00007fff07480000 	C:\WINDOWS\System32\USER32.dll
0x00007fff05360000 - 0x00007fff05382000 	C:\WINDOWS\System32\win32u.dll
0x00007fff06fc0000 - 0x00007fff06fea000 	C:\WINDOWS\System32\GDI32.dll
0x00007fff04d90000 - 0x00007fff04e9b000 	C:\WINDOWS\System32\gdi32full.dll
0x00007fff05390000 - 0x00007fff0542d000 	C:\WINDOWS\System32\msvcp_win.dll
0x00007fff05430000 - 0x00007fff05530000 	C:\WINDOWS\System32\ucrtbase.dll
0x00007ffee8250000 - 0x00007ffee84ea000 	C:\WINDOWS\WinSxS\amd64_microsoft.windows.common-controls_6595b64144ccf1df_6.0.19041.1052_none_60b8f8fd71f5e8cb\COMCTL32.dll
0x00007fff05ed0000 - 0x00007fff05f00000 	C:\WINDOWS\System32\IMM32.DLL
0x0000000062510000 - 0x00000000625e2000 	C:\Program Files\Java\jdk1.8.0_241\jre\bin\msvcr100.dll
0x0000000061c60000 - 0x000000006250c000 	C:\Program Files\Java\jdk1.8.0_241\jre\bin\server\jvm.dll
0x00007fff05ff0000 - 0x00007fff05ff8000 	C:\WINDOWS\System32\PSAPI.DLL
0x00007ffef0110000 - 0x00007ffef0137000 	C:\WINDOWS\SYSTEM32\WINMM.dll
0x00007ffefb5f0000 - 0x00007ffefb5fa000 	C:\WINDOWS\SYSTEM32\VERSION.dll
0x00007ffeee980000 - 0x00007ffeee989000 	C:\WINDOWS\SYSTEM32\WSOCK32.dll
0x00007fff066a0000 - 0x00007fff0670b000 	C:\WINDOWS\System32\WS2_32.dll
0x00007ffef23b0000 - 0x00007ffef23bf000 	C:\Program Files\Java\jdk1.8.0_241\jre\bin\verify.dll
0x00007ffed66e0000 - 0x00007ffed6709000 	C:\Program Files\Java\jdk1.8.0_241\jre\bin\java.dll
0x00007ffedf110000 - 0x00007ffedf126000 	C:\Program Files\Java\jdk1.8.0_241\jre\bin\zip.dll

VM Arguments:
jvm_args: -Xmx16m 
java_command: org.eclipse.jdt.internal.launching.support.LibraryDetector
java_class_path (initial): C:\Users\kwons\AppData\Roaming\Code\User\globalStorage\redhat.java\0.64.1\config_ss_win\org.eclipse.osgi\35\0\.cp\lib\launchingsupport.jar
Launcher Type: SUN_STANDARD

Environment Variables:
JAVA_HOME=C:\Program Files\Java\jdk1.8.0_241
PATH=C:\Program Files (x86)\VMware\VMware Player\bin\;C:\Program Files (x86)\Microsoft SDKs\Azure\CLI2\wbin;C:\Program Files (x86)\NetSarang\Xftp 6\;C:\Program Files (x86)\NetSarang\Xshell 6\;C:\Program Files\Java\jdk1.8.0_241\bin;C:\Program Files (x86)\Common Files\Oracle\Java\javapath;C:\WINDOWS\system32;C:\WINDOWS;C:\WINDOWS\System32\Wbem;C:\WINDOWS\System32\WindowsPowerShell\v1.0\;C:\WINDOWS\System32\OpenSSH\;C:\Program Files\Git\cmd;C:\Go\bin;D:\vscode workspace\go_workspace\bin;D:\Istio\istio-1.8.2\bin;C:\Program Files (x86)\NetSarang\Xshell 7\;D:\작업폴더\gradle-7.0.2\bin;;C:\Program Files\Docker\Docker\resources\bin;C:\ProgramData\DockerDesktop\version-bin;C:\Users\kwons\AppData\Local\Microsoft\WindowsApps;;C:\Users\kwons\AppData\Local\Programs\Microsoft VS Code\bin;C:\Users\kwons\go\bin;C:\Program Files (x86)\ESTsoft\ALSee\x64
USERNAME=kwons
OS=Windows_NT
PROCESSOR_IDENTIFIER=Intel64 Family 6 Model 126 Stepping 5, GenuineIntel



---------------  S Y S T E M  ---------------

OS: Windows 10.0 , 64 bit Build 19041 (10.0.19041.1023)

CPU:total 8 (initial active 8) (4 cores per cpu, 2 threads per core) family 6 model 126 stepping 5, cmov, cx8, fxsr, mmx, sse, sse2, sse3, ssse3, sse4.1, sse4.2, popcnt, avx, avx2, aes, clmul, erms, 3dnowpref, lzcnt, ht, tsc, tscinvbit, bmi1, bmi2, adx

Memory: 4k page, physical 16353412k(1956056k free), swap 33705088k(4264k free)

vm_info: Java HotSpot(TM) 64-Bit Server VM (25.241-b07) for windows-amd64 JRE (1.8.0_241-b07), built on Dec 11 2019 10:21:40 by "rejava" with MS VC++ 10.0 (VS2010)

time: Mon Jul 19 16:15:35 2021
timezone: 대한민국 표준시
elapsed time: 0 seconds (0d 0h 0m 0s)

