#
# There is insufficient memory for the Java Runtime Environment to continue.
# Native memory allocation (malloc) failed to allocate 1030416 bytes for Chunk::new
# Possible reasons:
#   The system is out of physical RAM or swap space
#   The process is running with CompressedOops enabled, and the Java Heap may be blocking the growth of the native heap
# Possible solutions:
#   Reduce memory load on the system
#   Increase physical memory or swap space
#   Check if swap backing store is full
#   Decrease Java heap size (-Xmx/-Xms)
#   Decrease number of Java threads
#   Decrease Java thread stack sizes (-Xss)
#   Set larger code cache with -XX:ReservedCodeCacheSize=
#   JVM is running with Unscaled Compressed Oops mode in which the Java heap is
#     placed in the first 4GB address space. The Java Heap base address is the
#     maximum limit for the native heap growth. Please use -XX:HeapBaseMinAddress
#     to set the Java Heap base and to place the Java Heap above 4GB virtual address.
# This output file may be truncated or incomplete.
#
#  Out of Memory Error (allocation.cpp:389), pid=15828, tid=0x0000000000004b10
#
# JRE version: Java(TM) SE Runtime Environment (8.0_241-b07) (build 1.8.0_241-b07)
# Java VM: Java HotSpot(TM) 64-Bit Server VM (25.241-b07 mixed mode windows-amd64 compressed oops)
# Failed to write core dump. Minidumps are not enabled by default on client versions of Windows
#

---------------  T H R E A D  ---------------

Current thread (0x0000000017ba3000):  JavaThread "C2 CompilerThread1" daemon [_thread_in_native, id=19216, stack(0x00000000183a0000,0x00000000184a0000)]

Stack: [0x00000000183a0000,0x00000000184a0000]
[error occurred during error reporting (printing stack bounds), id 0xc0000005]

Native frames: (J=compiled Java code, j=interpreted, Vv=VM code, C=native code)


Current CompileTask:
C2:  11962 2789   !   4       com.google.inject.spi.InjectionPoint::getInjectionPoints (489 bytes)


---------------  P R O C E S S  ---------------

Java Threads: ( => current thread )
  0x0000000018c1d800 JavaThread "Java indexing" daemon [_thread_blocked, id=4436, stack(0x000000001b0b0000,0x000000001b1b0000)]
  0x0000000017c5e800 JavaThread "Worker-1" [_thread_blocked, id=28284, stack(0x000000001adb0000,0x000000001aeb0000)]
  0x0000000018e61800 JavaThread "Worker-0" [_thread_blocked, id=2016, stack(0x000000001a660000,0x000000001a760000)]
  0x0000000019cff000 JavaThread "Worker-JM" [_thread_blocked, id=21744, stack(0x000000001a270000,0x000000001a370000)]
  0x0000000018f60000 JavaThread "Start Level: Equinox Container: 875e12b1-c75c-4344-aee9-a6c8cf9a34b5" daemon [_thread_in_native, id=8184, stack(0x000000001a4b0000,0x000000001a5b0000)]
  0x00000000198c0800 JavaThread "Framework Event Dispatcher: Equinox Container: 875e12b1-c75c-4344-aee9-a6c8cf9a34b5" daemon [_thread_blocked, id=30280, stack(0x000000001a3b0000,0x000000001a4b0000)]
  0x0000000019384800 JavaThread "Active Thread: Equinox Container: 875e12b1-c75c-4344-aee9-a6c8cf9a34b5" [_thread_blocked, id=14668, stack(0x000000001a170000,0x000000001a270000)]
  0x0000000017cf5000 JavaThread "Service Thread" daemon [_thread_blocked, id=16620, stack(0x00000000186a0000,0x00000000187a0000)]
  0x0000000017bfe800 JavaThread "C1 CompilerThread3" daemon [_thread_in_native, id=17868, stack(0x00000000185a0000,0x00000000186a0000)]
  0x0000000017bfb800 JavaThread "C2 CompilerThread2" daemon [_thread_in_native, id=21924, stack(0x00000000184a0000,0x00000000185a0000)]
=>0x0000000017ba3000 JavaThread "C2 CompilerThread1" daemon [_thread_in_native, id=19216, stack(0x00000000183a0000,0x00000000184a0000)]
  0x0000000017ba2800 JavaThread "C2 CompilerThread0" daemon [_thread_in_native, id=27968, stack(0x00000000182a0000,0x00000000183a0000)]
  0x0000000017ad4800 JavaThread "Attach Listener" daemon [_thread_blocked, id=19628, stack(0x00000000181a0000,0x00000000182a0000)]
  0x0000000017ad3800 JavaThread "Signal Dispatcher" daemon [_thread_blocked, id=6564, stack(0x00000000180a0000,0x00000000181a0000)]
  0x0000000017ac1000 JavaThread "Finalizer" daemon [_thread_blocked, id=2492, stack(0x0000000017fa0000,0x00000000180a0000)]
  0x0000000015cbd800 JavaThread "Reference Handler" daemon [_thread_blocked, id=14124, stack(0x0000000017ea0000,0x0000000017fa0000)]
  0x00000000030a3800 JavaThread "main" [_thread_blocked, id=12740, stack(0x0000000002dc0000,0x0000000002ec0000)]

Other Threads:
  0x0000000015cb9000 VMThread [stack: 0x00000000179a0000,0x0000000017aa0000] [id=28972]
  0x0000000017e59800 WatcherThread [stack: 0x0000000018fa0000,0x00000000190a0000] [id=13456]

VM state:not at safepoint (normal execution)

VM Mutex/Monitor currently owned by a thread: None

heap address: 0x00000000c0000000, size: 1024 MB, Compressed Oops mode: 32-bit
Narrow klass base: 0x0000000000000000, Narrow klass shift: 3
Compressed class space size: 1073741824 Address: 0x0000000100000000

Heap:
 PSYoungGen      total 32256K, used 4564K [0x00000000eab00000, 0x00000000ece00000, 0x0000000100000000)
  eden space 29696K, 7% used [0x00000000eab00000,0x00000000ead50c70,0x00000000ec800000)
  from space 2560K, 85% used [0x00000000ecb80000,0x00000000ecda45c8,0x00000000ece00000)
  to   space 2560K, 0% used [0x00000000ec900000,0x00000000ec900000,0x00000000ecb80000)
 ParOldGen       total 68608K, used 10784K [0x00000000c0000000, 0x00000000c4300000, 0x00000000eab00000)
  object space 68608K, 15% used [0x00000000c0000000,0x00000000c0a880a0,0x00000000c4300000)
 Metaspace       used 26062K, capacity 27558K, committed 27776K, reserved 1073152K
  class space    used 2875K, capacity 3427K, committed 3456K, reserved 1048576K

Card table byte_map: [0x0000000012560000,0x0000000012770000] byte_map_base: 0x0000000011f60000

Marking Bits: (ParMarkBitMap*) 0x000000006248be30
 Begin Bits: [0x00000000130d0000, 0x00000000140d0000)
 End Bits:   [0x00000000140d0000, 0x00000000150d0000)

Polling page: 0x00000000028f0000

CodeCache: size=245760Kb used=9126Kb max_used=9126Kb free=236633Kb
 bounds [0x00000000031a0000, 0x0000000003aa0000, 0x00000000121a0000]
 total_blobs=3178 nmethods=2703 adapters=387
 compilation: enabled

Compilation events (10 events):
Event: 11.953 Thread 0x0000000017bfe800 nmethod 2910 0x0000000003a81c50 code [0x0000000003a81f00, 0x0000000003a83638]
Event: 11.953 Thread 0x0000000017bfe800 2912       3       com.google.common.collect.LinkedHashMultimap$ValueSet::rehashIfNecessary (88 bytes)
Event: 11.954 Thread 0x0000000017bfe800 nmethod 2912 0x0000000003a84290 code [0x0000000003a84460, 0x0000000003a84bc8]
Event: 11.954 Thread 0x0000000017bfe800 2905       3       java.util.IdentityHashMap::init (11 bytes)
Event: 11.954 Thread 0x0000000017bfe800 nmethod 2905 0x0000000003a76c10 code [0x0000000003a76d60, 0x0000000003a76f50]
Event: 11.954 Thread 0x0000000017bfe800 2911       3       com.google.common.collect.LinkedHashMultimap$ValueEntry::setPredecessorInValueSet (6 bytes)
Event: 11.954 Thread 0x0000000017bfe800 nmethod 2911 0x0000000003a84e50 code [0x0000000003a84fa0, 0x0000000003a85110]
Event: 11.954 Thread 0x0000000017bfe800 2913       3       com.google.common.collect.Hashing::needsResizing (22 bytes)
Event: 11.955 Thread 0x0000000017bfe800 nmethod 2913 0x0000000003a85190 code [0x0000000003a852e0, 0x0000000003a854d0]
Event: 11.955 Thread 0x0000000017bfe800 2915       3       com.google.inject.internal.InternalContext::<init> (45 bytes)

GC Heap History (10 events):
Event: 10.263 GC heap before
{Heap before GC invocations=17 (full 1):
 PSYoungGen      total 31744K, used 31743K [0x00000000eab00000, 0x00000000ecd80000, 0x0000000100000000)
  eden space 30208K, 100% used [0x00000000eab00000,0x00000000ec880000,0x00000000ec880000)
  from space 1536K, 99% used [0x00000000ec900000,0x00000000eca7fe18,0x00000000eca80000)
  to   space 2560K, 0% used [0x00000000ecb00000,0x00000000ecb00000,0x00000000ecd80000)
 ParOldGen       total 68608K, used 8127K [0x00000000c0000000, 0x00000000c4300000, 0x00000000eab00000)
  object space 68608K, 11% used [0x00000000c0000000,0x00000000c07efe10,0x00000000c4300000)
 Metaspace       used 22629K, capacity 23824K, committed 24064K, reserved 1071104K
  class space    used 2419K, capacity 2780K, committed 2816K, reserved 1048576K
Event: 10.288 GC heap after
Heap after GC invocations=17 (full 1):
 PSYoungGen      total 32768K, used 1591K [0x00000000eab00000, 0x00000000ecd00000, 0x0000000100000000)
  eden space 30720K, 0% used [0x00000000eab00000,0x00000000eab00000,0x00000000ec900000)
  from space 2048K, 77% used [0x00000000ecb00000,0x00000000ecc8dff8,0x00000000ecd00000)
  to   space 2048K, 0% used [0x00000000ec900000,0x00000000ec900000,0x00000000ecb00000)
 ParOldGen       total 68608K, used 8394K [0x00000000c0000000, 0x00000000c4300000, 0x00000000eab00000)
  object space 68608K, 12% used [0x00000000c0000000,0x00000000c0832a78,0x00000000c4300000)
 Metaspace       used 22629K, capacity 23824K, committed 24064K, reserved 1071104K
  class space    used 2419K, capacity 2780K, committed 2816K, reserved 1048576K
}
Event: 10.610 GC heap before
{Heap before GC invocations=18 (full 1):
 PSYoungGen      total 32768K, used 32311K [0x00000000eab00000, 0x00000000ecd00000, 0x0000000100000000)
  eden space 30720K, 100% used [0x00000000eab00000,0x00000000ec900000,0x00000000ec900000)
  from space 2048K, 77% used [0x00000000ecb00000,0x00000000ecc8dff8,0x00000000ecd00000)
  to   space 2048K, 0% used [0x00000000ec900000,0x00000000ec900000,0x00000000ecb00000)
 ParOldGen       total 68608K, used 8394K [0x00000000c0000000, 0x00000000c4300000, 0x00000000eab00000)
  object space 68608K, 12% used [0x00000000c0000000,0x00000000c0832a78,0x00000000c4300000)
 Metaspace       used 23688K, capacity 24890K, committed 24960K, reserved 1071104K
  class space    used 2553K, capacity 2942K, committed 2944K, reserved 1048576K
Event: 10.613 GC heap after
Heap after GC invocations=18 (full 1):
 PSYoungGen      total 31744K, used 1473K [0x00000000eab00000, 0x00000000ecc80000, 0x0000000100000000)
  eden space 30208K, 0% used [0x00000000eab00000,0x00000000eab00000,0x00000000ec880000)
  from space 1536K, 95% used [0x00000000ec900000,0x00000000eca70570,0x00000000eca80000)
  to   space 2048K, 0% used [0x00000000eca80000,0x00000000eca80000,0x00000000ecc80000)
 ParOldGen       total 68608K, used 8671K [0x00000000c0000000, 0x00000000c4300000, 0x00000000eab00000)
  object space 68608K, 12% used [0x00000000c0000000,0x00000000c0877e88,0x00000000c4300000)
 Metaspace       used 23688K, capacity 24890K, committed 24960K, reserved 1071104K
  class space    used 2553K, capacity 2942K, committed 2944K, reserved 1048576K
}
Event: 10.902 GC heap before
{Heap before GC invocations=19 (full 1):
 PSYoungGen      total 31744K, used 31681K [0x00000000eab00000, 0x00000000ecc80000, 0x0000000100000000)
  eden space 30208K, 100% used [0x00000000eab00000,0x00000000ec880000,0x00000000ec880000)
  from space 1536K, 95% used [0x00000000ec900000,0x00000000eca70570,0x00000000eca80000)
  to   space 2048K, 0% used [0x00000000eca80000,0x00000000eca80000,0x00000000ecc80000)
 ParOldGen       total 68608K, used 8671K [0x00000000c0000000, 0x00000000c4300000, 0x00000000eab00000)
  object space 68608K, 12% used [0x00000000c0000000,0x00000000c0877e88,0x00000000c4300000)
 Metaspace       used 24643K, capacity 25864K, committed 26240K, reserved 1073152K
  class space    used 2692K, capacity 3074K, committed 3200K, reserved 1048576K
Event: 10.906 GC heap after
Heap after GC invocations=19 (full 1):
 PSYoungGen      total 32256K, used 1347K [0x00000000eab00000, 0x00000000ecc00000, 0x0000000100000000)
  eden space 30720K, 0% used [0x00000000eab00000,0x00000000eab00000,0x00000000ec900000)
  from space 1536K, 87% used [0x00000000eca80000,0x00000000ecbd0e00,0x00000000ecc00000)
  to   space 1536K, 0% used [0x00000000ec900000,0x00000000ec900000,0x00000000eca80000)
 ParOldGen       total 68608K, used 9079K [0x00000000c0000000, 0x00000000c4300000, 0x00000000eab00000)
  object space 68608K, 13% used [0x00000000c0000000,0x00000000c08dde88,0x00000000c4300000)
 Metaspace       used 24643K, capacity 25864K, committed 26240K, reserved 1073152K
  class space    used 2692K, capacity 3074K, committed 3200K, reserved 1048576K
}
Event: 11.421 GC heap before
{Heap before GC invocations=20 (full 1):
 PSYoungGen      total 32256K, used 32067K [0x00000000eab00000, 0x00000000ecc00000, 0x0000000100000000)
  eden space 30720K, 100% used [0x00000000eab00000,0x00000000ec900000,0x00000000ec900000)
  from space 1536K, 87% used [0x00000000eca80000,0x00000000ecbd0e00,0x00000000ecc00000)
  to   space 1536K, 0% used [0x00000000ec900000,0x00000000ec900000,0x00000000eca80000)
 ParOldGen       total 68608K, used 9079K [0x00000000c0000000, 0x00000000c4300000, 0x00000000eab00000)
  object space 68608K, 13% used [0x00000000c0000000,0x00000000c08dde88,0x00000000c4300000)
 Metaspace       used 25306K, capacity 26720K, committed 26880K, reserved 1073152K
  class space    used 2790K, capacity 3254K, committed 3328K, reserved 1048576K
Event: 11.425 GC heap after
Heap after GC invocations=20 (full 1):
 PSYoungGen      total 31744K, used 1512K [0x00000000eab00000, 0x00000000ece80000, 0x0000000100000000)
  eden space 30208K, 0% used [0x00000000eab00000,0x00000000eab00000,0x00000000ec880000)
  from space 1536K, 98% used [0x00000000ec900000,0x00000000eca7a3e0,0x00000000eca80000)
  to   space 3072K, 0% used [0x00000000ecb80000,0x00000000ecb80000,0x00000000ece80000)
 ParOldGen       total 68608K, used 10154K [0x00000000c0000000, 0x00000000c4300000, 0x00000000eab00000)
  object space 68608K, 14% used [0x00000000c0000000,0x00000000c09ea880,0x00000000c4300000)
 Metaspace       used 25306K, capacity 26720K, committed 26880K, reserved 1073152K
  class space    used 2790K, capacity 3254K, committed 3328K, reserved 1048576K
}
Event: 11.805 GC heap before
{Heap before GC invocations=21 (full 1):
 PSYoungGen      total 31744K, used 31720K [0x00000000eab00000, 0x00000000ece80000, 0x0000000100000000)
  eden space 30208K, 100% used [0x00000000eab00000,0x00000000ec880000,0x00000000ec880000)
  from space 1536K, 98% used [0x00000000ec900000,0x00000000eca7a3e0,0x00000000eca80000)
  to   space 3072K, 0% used [0x00000000ecb80000,0x00000000ecb80000,0x00000000ece80000)
 ParOldGen       total 68608K, used 10154K [0x00000000c0000000, 0x00000000c4300000, 0x00000000eab00000)
  object space 68608K, 14% used [0x00000000c0000000,0x00000000c09ea880,0x00000000c4300000)
 Metaspace       used 25993K, capacity 27462K, committed 27776K, reserved 1073152K
  class space    used 2874K, capacity 3395K, committed 3456K, reserved 1048576K
Event: 11.824 GC heap after
Heap after GC invocations=21 (full 1):
 PSYoungGen      total 32256K, used 2193K [0x00000000eab00000, 0x00000000ece00000, 0x0000000100000000)
  eden space 29696K, 0% used [0x00000000eab00000,0x00000000eab00000,0x00000000ec800000)
  from space 2560K, 85% used [0x00000000ecb80000,0x00000000ecda45c8,0x00000000ece00000)
  to   space 2560K, 0% used [0x00000000ec900000,0x00000000ec900000,0x00000000ecb80000)
 ParOldGen       total 68608K, used 10784K [0x00000000c0000000, 0x00000000c4300000, 0x00000000eab00000)
  object space 68608K, 15% used [0x00000000c0000000,0x00000000c0a880a0,0x00000000c4300000)
 Metaspace       used 25993K, capacity 27462K, committed 27776K, reserved 1073152K
  class space    used 2874K, capacity 3395K, committed 3456K, reserved 1048576K
}

Deoptimization events (10 events):
Event: 10.837 Thread 0x0000000018f60000 Uncommon trap: reason=bimorphic action=maybe_recompile pc=0x00000000037c9b64 method=java.util.regex.Pattern$CharProperty.match(Ljava/util/regex/Matcher;ILjava/lang/CharSequence;)Z @ 37
Event: 11.403 Thread 0x0000000018f60000 Uncommon trap: reason=predicate action=maybe_recompile pc=0x000000000396e9b4 method=java.util.TimSort.binarySort([Ljava/lang/Object;IIILjava/util/Comparator;)V @ 37
Event: 11.420 Thread 0x0000000018f60000 Uncommon trap: reason=array_check action=maybe_recompile pc=0x0000000003988578 method=java.util.TimSort.binarySort([Ljava/lang/Object;IIILjava/util/Comparator;)V @ 183
Event: 11.434 Thread 0x0000000018f60000 Uncommon trap: reason=array_check action=maybe_recompile pc=0x0000000003988484 method=java.util.TimSort.binarySort([Ljava/lang/Object;IIILjava/util/Comparator;)V @ 193
Event: 11.434 Thread 0x0000000018f60000 Uncommon trap: reason=array_check action=maybe_recompile pc=0x0000000003988394 method=java.util.TimSort.binarySort([Ljava/lang/Object;IIILjava/util/Comparator;)V @ 215
Event: 11.435 Thread 0x0000000018f60000 Uncommon trap: reason=array_check action=maybe_recompile pc=0x0000000003988578 method=java.util.TimSort.binarySort([Ljava/lang/Object;IIILjava/util/Comparator;)V @ 183
Event: 11.541 Thread 0x0000000018f60000 Uncommon trap: reason=bimorphic action=maybe_recompile pc=0x00000000037c9b64 method=java.util.regex.Pattern$CharProperty.match(Ljava/util/regex/Matcher;ILjava/lang/CharSequence;)Z @ 37
Event: 11.545 Thread 0x0000000018f60000 Uncommon trap: reason=bimorphic action=maybe_recompile pc=0x00000000037c9b64 method=java.util.regex.Pattern$CharProperty.match(Ljava/util/regex/Matcher;ILjava/lang/CharSequence;)Z @ 37
Event: 11.920 Thread 0x0000000018f60000 Uncommon trap: reason=predicate action=maybe_recompile pc=0x0000000003a6a594 method=java.util.TimSort.reverseRange([Ljava/lang/Object;II)V @ 8
Event: 11.938 Thread 0x0000000018f60000 Uncommon trap: reason=predicate action=maybe_recompile pc=0x0000000003a7cc70 method=java.util.TimSort.reverseRange([Ljava/lang/Object;II)V @ 8

Classes redefined (0 events):
No events

Internal exceptions (10 events):
Event: 8.282 Thread 0x0000000018f60000 Exception <a 'java/io/FileNotFoundException'> (0x00000000eb807ba8) thrown at [C:\ade\jenkins\workspace\8-2-build-windows-amd64-cygwin\jdk8u241\331\hotspot\src\share\vm\prims\jni.cpp, line 710]
Event: 8.321 Thread 0x0000000018f60000 Exception <a 'java/io/FileNotFoundException'> (0x00000000ec224c18) thrown at [C:\ade\jenkins\workspace\8-2-build-windows-amd64-cygwin\jdk8u241\331\hotspot\src\share\vm\prims\jni.cpp, line 710]
Event: 8.562 Thread 0x0000000018f60000 Exception <a 'java/io/FileNotFoundException'> (0x00000000ebb96f78) thrown at [C:\ade\jenkins\workspace\8-2-build-windows-amd64-cygwin\jdk8u241\331\hotspot\src\share\vm\prims\jni.cpp, line 710]
Event: 8.572 Thread 0x0000000018f60000 Exception <a 'java/lang/NoClassDefFoundError': org/slf4j/impl/StaticLoggerBinder> (0x00000000ebc65758) thrown at [C:\ade\jenkins\workspace\8-2-build-windows-amd64-cygwin\jdk8u241\331\hotspot\src\share\vm\classfile\systemDictionary.cpp, line 199]
Event: 9.273 Thread 0x0000000018f60000 Exception <a 'java/lang/ArrayIndexOutOfBoundsException'> (0x00000000eb2eb110) thrown at [C:\ade\jenkins\workspace\8-2-build-windows-amd64-cygwin\jdk8u241\331\hotspot\src\share\vm\runtime\sharedRuntime.cpp, line 605]
Event: 9.283 Thread 0x0000000018f60000 Exception <a 'java/lang/ArrayIndexOutOfBoundsException'> (0x00000000eb4900f0) thrown at [C:\ade\jenkins\workspace\8-2-build-windows-amd64-cygwin\jdk8u241\331\hotspot\src\share\vm\runtime\sharedRuntime.cpp, line 605]
Event: 9.298 Thread 0x0000000018f60000 Exception <a 'java/lang/ArrayIndexOutOfBoundsException'> (0x00000000eb60c188) thrown at [C:\ade\jenkins\workspace\8-2-build-windows-amd64-cygwin\jdk8u241\331\hotspot\src\share\vm\runtime\sharedRuntime.cpp, line 605]
Event: 9.537 Thread 0x0000000018f60000 Exception <a 'java/lang/ArrayIndexOutOfBoundsException'> (0x00000000eaee3c90) thrown at [C:\ade\jenkins\workspace\8-2-build-windows-amd64-cygwin\jdk8u241\331\hotspot\src\share\vm\runtime\sharedRuntime.cpp, line 605]
Event: 9.539 Thread 0x0000000018f60000 Exception <a 'java/lang/ArrayIndexOutOfBoundsException'> (0x00000000eaf383b8) thrown at [C:\ade\jenkins\workspace\8-2-build-windows-amd64-cygwin\jdk8u241\331\hotspot\src\share\vm\runtime\sharedRuntime.cpp, line 605]
Event: 9.648 Thread 0x0000000018f60000 Exception <a 'java/lang/ArrayIndexOutOfBoundsException': 66> (0x00000000eb6a48f0) thrown at [C:\ade\jenkins\workspace\8-2-build-windows-amd64-cygwin\jdk8u241\331\hotspot\src\share\vm\interpreter\interpreterRuntime.cpp, line 368]

Events (10 events):
Event: 11.797 loading class org/apache/maven/lifecycle/mapping/DefaultLifecycleMapping$__sisu5
Event: 11.797 loading class org/apache/maven/lifecycle/mapping/DefaultLifecycleMapping$__sisu5 done
Event: 11.805 Executing VM operation: ParallelGCFailedAllocation
Event: 11.825 Executing VM operation: ParallelGCFailedAllocation done
Event: 11.920 Thread 0x0000000018f60000 Uncommon trap: trap_request=0xffffff86 fr.pc=0x0000000003a6a594
Event: 11.920 Thread 0x0000000018f60000 DEOPT PACKING pc=0x0000000003a6a594 sp=0x000000001a5a9c60
Event: 11.920 Thread 0x0000000018f60000 DEOPT UNPACKING pc=0x00000000031e583b sp=0x000000001a5a9b28 mode 2
Event: 11.938 Thread 0x0000000018f60000 Uncommon trap: trap_request=0xffffff86 fr.pc=0x0000000003a7cc70
Event: 11.938 Thread 0x0000000018f60000 DEOPT PACKING pc=0x0000000003a7cc70 sp=0x000000001a5a9d10
Event: 11.938 Thread 0x0000000018f60000 DEOPT UNPACKING pc=0x00000000031e583b sp=0x000000001a5a9b68 mode 2


Dynamic libraries:
0x00007ff7466a0000 - 0x00007ff7466d7000 	C:\Program Files\Java\jdk1.8.0_241\bin\java.exe
0x00007fff07650000 - 0x00007fff07845000 	C:\WINDOWS\SYSTEM32\ntdll.dll
0x00007fff06710000 - 0x00007fff067cd000 	C:\WINDOWS\System32\KERNEL32.DLL
0x00007fff04ea0000 - 0x00007fff05168000 	C:\WINDOWS\System32\KERNELBASE.dll
0x00007fff05c70000 - 0x00007fff05d1c000 	C:\WINDOWS\System32\ADVAPI32.dll
0x00007fff05d20000 - 0x00007fff05dbe000 	C:\WINDOWS\System32\msvcrt.dll
0x00007fff06130000 - 0x00007fff061cb000 	C:\WINDOWS\System32\sechost.dll
0x00007fff07000000 - 0x00007fff0712b000 	C:\WINDOWS\System32\RPCRT4.dll
0x00007fff072e0000 - 0x00007fff07480000 	C:\WINDOWS\System32\USER32.dll
0x00007fff05360000 - 0x00007fff05382000 	C:\WINDOWS\System32\win32u.dll
0x00007fff06fc0000 - 0x00007fff06fea000 	C:\WINDOWS\System32\GDI32.dll
0x00007fff04d90000 - 0x00007fff04e9b000 	C:\WINDOWS\System32\gdi32full.dll
0x00007fff05390000 - 0x00007fff0542d000 	C:\WINDOWS\System32\msvcp_win.dll
0x00007fff05430000 - 0x00007fff05530000 	C:\WINDOWS\System32\ucrtbase.dll
0x00007ffee8250000 - 0x00007ffee84ea000 	C:\WINDOWS\WinSxS\amd64_microsoft.windows.common-controls_6595b64144ccf1df_6.0.19041.1052_none_60b8f8fd71f5e8cb\COMCTL32.dll
0x00007fff05ed0000 - 0x00007fff05f00000 	C:\WINDOWS\System32\IMM32.DLL
0x0000000062510000 - 0x00000000625e2000 	C:\Program Files\Java\jdk1.8.0_241\jre\bin\msvcr100.dll
0x0000000061c60000 - 0x000000006250c000 	C:\Program Files\Java\jdk1.8.0_241\jre\bin\server\jvm.dll
0x00007fff05ff0000 - 0x00007fff05ff8000 	C:\WINDOWS\System32\PSAPI.DLL
0x00007ffef0110000 - 0x00007ffef0137000 	C:\WINDOWS\SYSTEM32\WINMM.dll
0x00007ffeee980000 - 0x00007ffeee989000 	C:\WINDOWS\SYSTEM32\WSOCK32.dll
0x00007fff066a0000 - 0x00007fff0670b000 	C:\WINDOWS\System32\WS2_32.dll
0x00007ffefb5f0000 - 0x00007ffefb5fa000 	C:\WINDOWS\SYSTEM32\VERSION.dll
0x00007ffef23b0000 - 0x00007ffef23bf000 	C:\Program Files\Java\jdk1.8.0_241\jre\bin\verify.dll
0x00007ffed66e0000 - 0x00007ffed6709000 	C:\Program Files\Java\jdk1.8.0_241\jre\bin\java.dll
0x00007ffecc870000 - 0x00007ffecc893000 	C:\Program Files\Java\jdk1.8.0_241\jre\bin\instrument.dll
0x00007ffedf110000 - 0x00007ffedf126000 	C:\Program Files\Java\jdk1.8.0_241\jre\bin\zip.dll
0x00007fff067d0000 - 0x00007fff06f0f000 	C:\WINDOWS\System32\SHELL32.dll
0x00007fff02b90000 - 0x00007fff03320000 	C:\WINDOWS\SYSTEM32\windows.storage.dll
0x00007fff056e0000 - 0x00007fff05a35000 	C:\WINDOWS\System32\combase.dll
0x00007fff04790000 - 0x00007fff047bc000 	C:\WINDOWS\SYSTEM32\Wldp.dll
0x00007fff06f10000 - 0x00007fff06fbe000 	C:\WINDOWS\System32\SHCORE.dll
0x00007fff07550000 - 0x00007fff075a5000 	C:\WINDOWS\System32\shlwapi.dll
0x00007fff04cd0000 - 0x00007fff04cef000 	C:\WINDOWS\SYSTEM32\profapi.dll
0x00007ffedb470000 - 0x00007ffedb48a000 	C:\Program Files\Java\jdk1.8.0_241\jre\bin\net.dll
0x00007fff044e0000 - 0x00007fff0454a000 	C:\WINDOWS\system32\mswsock.dll
0x00007ffed6730000 - 0x00007ffed6742000 	C:\Program Files\Java\jdk1.8.0_241\jre\bin\nio.dll
0x00007fff046d0000 - 0x00007fff046e8000 	C:\WINDOWS\SYSTEM32\CRYPTSP.dll
0x00007fff03e60000 - 0x00007fff03e94000 	C:\WINDOWS\system32\rsaenh.dll
0x00007fff05530000 - 0x00007fff05557000 	C:\WINDOWS\System32\bcrypt.dll
0x00007fff04c50000 - 0x00007fff04c7e000 	C:\WINDOWS\SYSTEM32\USERENV.dll
0x00007fff05280000 - 0x00007fff05303000 	C:\WINDOWS\System32\bcryptprimitives.dll
0x00007fff046f0000 - 0x00007fff046fc000 	C:\WINDOWS\SYSTEM32\CRYPTBASE.dll
0x00007fff041c0000 - 0x00007fff041fb000 	C:\WINDOWS\SYSTEM32\IPHLPAPI.DLL
0x00007fff06ff0000 - 0x00007fff06ff8000 	C:\WINDOWS\System32\NSI.dll
0x00007ffef99d0000 - 0x00007ffef99e7000 	C:\WINDOWS\SYSTEM32\dhcpcsvc6.DLL
0x00007ffef99b0000 - 0x00007ffef99cd000 	C:\WINDOWS\SYSTEM32\dhcpcsvc.DLL
0x00007fff04210000 - 0x00007fff042dc000 	C:\WINDOWS\SYSTEM32\DNSAPI.dll
0x00007ffecb150000 - 0x00007ffecb179000 	C:\Users\kwons\AppData\Roaming\Code\User\globalStorage\redhat.java\0.64.1\config_win\org.eclipse.equinox.launcher\org.eclipse.equinox.launcher.win32.win32.x86_64_1.1.1200.v20200508-1552\eclipse_11000.dll

VM Arguments:
jvm_args: -Declipse.application=org.eclipse.jdt.ls.core.id1 -Dosgi.bundles.defaultStartLevel=4 -Declipse.product=org.eclipse.jdt.ls.core.product -Dfile.encoding=utf8 -DwatchParentProcess=false -XX:+UseParallelGC -XX:GCTimeRatio=4 -XX:AdaptiveSizePolicyWeight=90 -Dsun.zip.disableMemoryMapping=true -Xmx1G -Xms100m -javaagent:c:\Users\kwons\.vscode\extensions\gabrielbb.vscode-lombok-1.0.1\server\lombok.jar -Xverify:none 
java_command: c:\Users\kwons\.vscode\extensions\redhat.java-0.64.1\server\plugins\org.eclipse.equinox.launcher_1.5.700.v20200207-2156.jar -configuration c:\Users\kwons\AppData\Roaming\Code\User\globalStorage\redhat.java\0.64.1\config_win -data c:\Users\kwons\AppData\Roaming\Code\User\workspaceStorage\71c419eb6b9bd75cccbf3f5ed5840cca\redhat.java\jdt_ws
java_class_path (initial): c:\Users\kwons\.vscode\extensions\redhat.java-0.64.1\server\plugins\org.eclipse.equinox.launcher_1.5.700.v20200207-2156.jar;c:\Users\kwons\.vscode\extensions\gabrielbb.vscode-lombok-1.0.1\server\lombok.jar
Launcher Type: SUN_STANDARD

Environment Variables:
JAVA_HOME=C:\Program Files\Java\jdk1.8.0_241
PATH=C:\Program Files (x86)\VMware\VMware Player\bin\;C:\Program Files (x86)\Microsoft SDKs\Azure\CLI2\wbin;C:\Program Files (x86)\NetSarang\Xftp 6\;C:\Program Files (x86)\NetSarang\Xshell 6\;C:\Program Files\Java\jdk1.8.0_241\bin;C:\Program Files (x86)\Common Files\Oracle\Java\javapath;C:\WINDOWS\system32;C:\WINDOWS;C:\WINDOWS\System32\Wbem;C:\WINDOWS\System32\WindowsPowerShell\v1.0\;C:\WINDOWS\System32\OpenSSH\;C:\Program Files\Git\cmd;C:\Go\bin;D:\vscode workspace\go_workspace\bin;D:\Istio\istio-1.8.2\bin;C:\Program Files (x86)\NetSarang\Xshell 7\;D:\작업폴더\gradle-7.0.2\bin;;C:\Program Files\Docker\Docker\resources\bin;C:\ProgramData\DockerDesktop\version-bin;C:\Users\kwons\AppData\Local\Microsoft\WindowsApps;;C:\Users\kwons\AppData\Local\Programs\Microsoft VS Code\bin;C:\Users\kwons\go\bin;C:\Program Files (x86)\ESTsoft\ALSee\x64
USERNAME=kwons
OS=Windows_NT
PROCESSOR_IDENTIFIER=Intel64 Family 6 Model 126 Stepping 5, GenuineIntel



---------------  S Y S T E M  ---------------

OS: Windows 10.0 , 64 bit Build 19041 (10.0.19041.1023)

CPU:total 8 (initial active 8) (4 cores per cpu, 2 threads per core) family 6 model 126 stepping 5, cmov, cx8, fxsr, mmx, sse, sse2, sse3, ssse3, sse4.1, sse4.2, popcnt, avx, avx2, aes, clmul, erms, 3dnowpref, lzcnt, ht, tsc, tscinvbit, bmi1, bmi2, adx

Memory: 4k page, physical 16353412k(1956872k free), swap 33705088k(5200k free)

vm_info: Java HotSpot(TM) 64-Bit Server VM (25.241-b07) for windows-amd64 JRE (1.8.0_241-b07), built on Dec 11 2019 10:21:40 by "rejava" with MS VC++ 10.0 (VS2010)

time: Mon Jul 19 16:15:35 2021
timezone: 대한민국 표준시
elapsed time: 11 seconds (0d 0h 0m 11s)

