{"@timestamp":"2021-07-27T11:11:34.334+09:00","@version":"1","message":"Starting DemoApplication using Java 1.8.0_241 on DESKTOP-KD3CH20 with PID 7028 (D:\\티맥스소프트\\00. 프로젝트\\03. 농협 OSS 프로젝트\\07. workspace\\02. MS Workspace\\microservice-02-1\\build\\classes\\java\\main started by kwons in D:\\티맥스소프트\\00. 프로젝트\\03. 농협 OSS 프로젝트\\07. workspace\\02. MS Workspace\\microservice-02-1)","logger_name":"com.example.demo.DemoApplication","thread_name":"restartedMain","level":"INFO","level_value":20000}
{"@timestamp":"2021-07-27T11:11:34.320+09:00","@version":"1","message":"HV000001: Hibernate Validator 6.2.0.Final","logger_name":"org.hibernate.validator.internal.util.Version","thread_name":"background-preinit","level":"INFO","level_value":20000}
{"@timestamp":"2021-07-27T11:11:34.350+09:00","@version":"1","message":"No active profile set, falling back to default profiles: default","logger_name":"com.example.demo.DemoApplication","thread_name":"restartedMain","level":"INFO","level_value":20000}
{"@timestamp":"2021-07-27T11:11:34.418+09:00","@version":"1","message":"Devtools property defaults active! Set 'spring.devtools.add-properties' to 'false' to disable","logger_name":"org.springframework.boot.devtools.env.DevToolsPropertyDefaultsPostProcessor","thread_name":"restartedMain","level":"INFO","level_value":20000}
{"@timestamp":"2021-07-27T11:11:34.418+09:00","@version":"1","message":"For additional web related logging consider setting the 'logging.level.web' property to 'DEBUG'","logger_name":"org.springframework.boot.devtools.env.DevToolsPropertyDefaultsPostProcessor","thread_name":"restartedMain","level":"INFO","level_value":20000}
{"@timestamp":"2021-07-27T11:11:36.224+09:00","@version":"1","message":"BeanFactory id=e509c521-e4c5-3537-a27b-44408a4111f0","logger_name":"org.springframework.cloud.context.scope.GenericScope","thread_name":"restartedMain","level":"INFO","level_value":20000}
{"@timestamp":"2021-07-27T11:11:36.521+09:00","@version":"1","message":"Bean 'org.springframework.cloud.client.loadbalancer.reactive.LoadBalancerBeanPostProcessorAutoConfiguration' of type [org.springframework.cloud.client.loadbalancer.reactive.LoadBalancerBeanPostProcessorAutoConfiguration] is not eligible for getting processed by all BeanPostProcessors (for example: not eligible for auto-proxying)","logger_name":"org.springframework.context.support.PostProcessorRegistrationDelegate$BeanPostProcessorChecker","thread_name":"restartedMain","level":"INFO","level_value":20000}
{"@timestamp":"2021-07-27T11:11:36.524+09:00","@version":"1","message":"Bean 'org.springframework.cloud.client.loadbalancer.reactive.LoadBalancerBeanPostProcessorAutoConfiguration$ReactorDeferringLoadBalancerFilterConfig' of type [org.springframework.cloud.client.loadbalancer.reactive.LoadBalancerBeanPostProcessorAutoConfiguration$ReactorDeferringLoadBalancerFilterConfig] is not eligible for getting processed by all BeanPostProcessors (for example: not eligible for auto-proxying)","logger_name":"org.springframework.context.support.PostProcessorRegistrationDelegate$BeanPostProcessorChecker","thread_name":"restartedMain","level":"INFO","level_value":20000}
{"@timestamp":"2021-07-27T11:11:36.527+09:00","@version":"1","message":"Bean 'reactorDeferringLoadBalancerExchangeFilterFunction' of type [org.springframework.cloud.client.loadbalancer.reactive.DeferringLoadBalancerExchangeFilterFunction] is not eligible for getting processed by all BeanPostProcessors (for example: not eligible for auto-proxying)","logger_name":"org.springframework.context.support.PostProcessorRegistrationDelegate$BeanPostProcessorChecker","thread_name":"restartedMain","level":"INFO","level_value":20000}
{"@timestamp":"2021-07-27T11:11:37.338+09:00","@version":"1","message":"Exposing 2 endpoint(s) beneath base path '/actuator'","logger_name":"org.springframework.boot.actuate.endpoint.web.EndpointLinksResolver","thread_name":"restartedMain","level":"INFO","level_value":20000}
{"@timestamp":"2021-07-27T11:11:38.304+09:00","@version":"1","message":"Check result of the [RestTemplateSender{http://localhost:9411/api/v2/spans}] contains an error [CheckResult{ok=false, error=org.springframework.web.client.ResourceAccessException: I/O error on POST request for \"http://localhost:9411/api/v2/spans\": connect timed out; nested exception is java.net.SocketTimeoutException: connect timed out}]","logger_name":"org.springframework.cloud.sleuth.autoconfig.zipkin2.ZipkinAutoConfiguration","thread_name":"restartedMain","level":"WARN","level_value":30000}
{"@timestamp":"2021-07-27T11:11:40.327+09:00","@version":"1","message":"Unable to start LiveReload server","logger_name":"org.springframework.boot.devtools.autoconfigure.OptionalLiveReloadServer","thread_name":"restartedMain","level":"WARN","level_value":30000}
{"@timestamp":"2021-07-27T11:11:43.810+09:00","@version":"1","message":"Cannot determine local hostname","logger_name":"org.springframework.cloud.commons.util.InetUtils","thread_name":"restartedMain","level":"INFO","level_value":20000}
{"@timestamp":"2021-07-27T11:11:43.876+09:00","@version":"1","message":"Eureka HTTP Client uses RestTemplate.","logger_name":"org.springframework.cloud.netflix.eureka.config.DiscoveryClientOptionalArgsConfiguration","thread_name":"restartedMain","level":"INFO","level_value":20000}
{"@timestamp":"2021-07-27T11:11:47.625+09:00","@version":"1","message":"Cannot determine local hostname","logger_name":"org.springframework.cloud.commons.util.InetUtils","thread_name":"restartedMain","level":"INFO","level_value":20000}
{"@timestamp":"2021-07-27T11:11:50.884+09:00","@version":"1","message":"Cannot determine local hostname","logger_name":"org.springframework.cloud.commons.util.InetUtils","thread_name":"restartedMain","level":"INFO","level_value":20000}
{"@timestamp":"2021-07-27T11:11:53.175+09:00","@version":"1","message":"Spring Cloud LoadBalancer is currently working with the default cache. You can switch to using Caffeine cache, by adding it and org.springframework.cache.caffeine.CaffeineCacheManager to the classpath.","logger_name":"org.springframework.cloud.loadbalancer.config.LoadBalancerCacheAutoConfiguration$LoadBalancerCaffeineWarnLogger","thread_name":"restartedMain","level":"WARN","level_value":30000}
{"@timestamp":"2021-07-27T11:11:53.261+09:00","@version":"1","message":"Setting initial instance status as: STARTING","logger_name":"org.springframework.cloud.netflix.eureka.InstanceInfoFactory","thread_name":"restartedMain","level":"INFO","level_value":20000}
{"@timestamp":"2021-07-27T11:11:53.418+09:00","@version":"1","message":"Initializing Eureka in region us-east-1","logger_name":"com.netflix.discovery.DiscoveryClient","thread_name":"restartedMain","level":"INFO","level_value":20000}
{"@timestamp":"2021-07-27T11:11:53.426+09:00","@version":"1","message":"Resolving eureka endpoints via configuration","logger_name":"com.netflix.discovery.shared.resolver.aws.ConfigClusterResolver","thread_name":"restartedMain","level":"INFO","level_value":20000}
{"@timestamp":"2021-07-27T11:11:53.469+09:00","@version":"1","message":"Disable delta property : true","logger_name":"com.netflix.discovery.DiscoveryClient","thread_name":"restartedMain","level":"INFO","level_value":20000}
{"@timestamp":"2021-07-27T11:11:53.469+09:00","@version":"1","message":"Single vip registry refresh property : null","logger_name":"com.netflix.discovery.DiscoveryClient","thread_name":"restartedMain","level":"INFO","level_value":20000}
{"@timestamp":"2021-07-27T11:11:53.470+09:00","@version":"1","message":"Force full registry fetch : false","logger_name":"com.netflix.discovery.DiscoveryClient","thread_name":"restartedMain","level":"INFO","level_value":20000}
{"@timestamp":"2021-07-27T11:11:53.470+09:00","@version":"1","message":"Application is null : false","logger_name":"com.netflix.discovery.DiscoveryClient","thread_name":"restartedMain","level":"INFO","level_value":20000}
{"@timestamp":"2021-07-27T11:11:53.470+09:00","@version":"1","message":"Registered Applications size is zero : true","logger_name":"com.netflix.discovery.DiscoveryClient","thread_name":"restartedMain","level":"INFO","level_value":20000}
{"@timestamp":"2021-07-27T11:11:53.470+09:00","@version":"1","message":"Application version is -1: true","logger_name":"com.netflix.discovery.DiscoveryClient","thread_name":"restartedMain","level":"INFO","level_value":20000}
{"@timestamp":"2021-07-27T11:11:53.471+09:00","@version":"1","message":"Getting all instance registry info from the eureka server","logger_name":"com.netflix.discovery.DiscoveryClient","thread_name":"restartedMain","level":"INFO","level_value":20000}
{"@timestamp":"2021-07-27T11:11:57.362+09:00","@version":"1","message":"The response status is 200","logger_name":"com.netflix.discovery.DiscoveryClient","thread_name":"restartedMain","level":"INFO","level_value":20000}
{"@timestamp":"2021-07-27T11:11:57.366+09:00","@version":"1","message":"Starting heartbeat executor: renew interval is: 30","logger_name":"com.netflix.discovery.DiscoveryClient","thread_name":"restartedMain","level":"INFO","level_value":20000}
{"@timestamp":"2021-07-27T11:11:57.368+09:00","@version":"1","message":"InstanceInfoReplicator onDemand update allowed rate per min is 4","logger_name":"com.netflix.discovery.InstanceInfoReplicator","thread_name":"restartedMain","level":"INFO","level_value":20000}
{"@timestamp":"2021-07-27T11:11:57.375+09:00","@version":"1","message":"Discovery Client initialized at timestamp 1627351917373 with initial instances count: 2","logger_name":"com.netflix.discovery.DiscoveryClient","thread_name":"restartedMain","level":"INFO","level_value":20000}
{"@timestamp":"2021-07-27T11:11:57.381+09:00","@version":"1","message":"Registering application MICROSERVICE-02 with eureka with status UP","logger_name":"org.springframework.cloud.netflix.eureka.serviceregistry.EurekaServiceRegistry","thread_name":"restartedMain","level":"INFO","level_value":20000}
{"@timestamp":"2021-07-27T11:11:57.382+09:00","@version":"1","message":"Saw local status change event StatusChangeEvent [timestamp=1627351917382, current=UP, previous=STARTING]","logger_name":"com.netflix.discovery.DiscoveryClient","thread_name":"restartedMain","level":"INFO","level_value":20000}
{"@timestamp":"2021-07-27T11:11:57.385+09:00","@version":"1","message":"DiscoveryClient_MICROSERVICE-02/localhost:microservice-02:8082: registering service...","logger_name":"com.netflix.discovery.DiscoveryClient","thread_name":"DiscoveryClient-InstanceInfoReplicator-0","level":"INFO","level_value":20000}
{"@timestamp":"2021-07-27T11:11:57.460+09:00","@version":"1","message":"DiscoveryClient_MICROSERVICE-02/localhost:microservice-02:8082 - registration status: 204","logger_name":"com.netflix.discovery.DiscoveryClient","thread_name":"DiscoveryClient-InstanceInfoReplicator-0","level":"INFO","level_value":20000}
{"@timestamp":"2021-07-27T11:12:01.361+09:00","@version":"1","message":"Netty started on port 8082","logger_name":"org.springframework.boot.web.embedded.netty.NettyWebServer","thread_name":"restartedMain","level":"INFO","level_value":20000}
{"@timestamp":"2021-07-27T11:12:01.364+09:00","@version":"1","message":"Updating port to 8082","logger_name":"org.springframework.cloud.netflix.eureka.serviceregistry.EurekaAutoServiceRegistration","thread_name":"restartedMain","level":"INFO","level_value":20000}
{"@timestamp":"2021-07-27T11:12:05.021+09:00","@version":"1","message":"Cannot determine local hostname","logger_name":"org.springframework.cloud.commons.util.InetUtils","thread_name":"restartedMain","level":"INFO","level_value":20000}
{"@timestamp":"2021-07-27T11:12:08.713+09:00","@version":"1","message":"Cannot determine local hostname","logger_name":"org.springframework.cloud.commons.util.InetUtils","thread_name":"restartedMain","level":"INFO","level_value":20000}
{"@timestamp":"2021-07-27T11:12:08.749+09:00","@version":"1","message":"Started DemoApplication in 39.367 seconds (JVM running for 40.971)","logger_name":"com.example.demo.DemoApplication","thread_name":"restartedMain","level":"INFO","level_value":20000}
{"@timestamp":"2021-07-27T11:12:27.372+09:00","@version":"1","message":"Disable delta property : true","logger_name":"com.netflix.discovery.DiscoveryClient","thread_name":"DiscoveryClient-CacheRefreshExecutor-0","level":"INFO","level_value":20000}
{"@timestamp":"2021-07-27T11:12:27.373+09:00","@version":"1","message":"Single vip registry refresh property : null","logger_name":"com.netflix.discovery.DiscoveryClient","thread_name":"DiscoveryClient-CacheRefreshExecutor-0","level":"INFO","level_value":20000}
{"@timestamp":"2021-07-27T11:12:27.374+09:00","@version":"1","message":"Force full registry fetch : false","logger_name":"com.netflix.discovery.DiscoveryClient","thread_name":"DiscoveryClient-CacheRefreshExecutor-0","level":"INFO","level_value":20000}
{"@timestamp":"2021-07-27T11:12:27.374+09:00","@version":"1","message":"Application is null : false","logger_name":"com.netflix.discovery.DiscoveryClient","thread_name":"DiscoveryClient-CacheRefreshExecutor-0","level":"INFO","level_value":20000}
{"@timestamp":"2021-07-27T11:12:27.374+09:00","@version":"1","message":"Registered Applications size is zero : false","logger_name":"com.netflix.discovery.DiscoveryClient","thread_name":"DiscoveryClient-CacheRefreshExecutor-0","level":"INFO","level_value":20000}
{"@timestamp":"2021-07-27T11:12:27.375+09:00","@version":"1","message":"Application version is -1: false","logger_name":"com.netflix.discovery.DiscoveryClient","thread_name":"DiscoveryClient-CacheRefreshExecutor-0","level":"INFO","level_value":20000}
{"@timestamp":"2021-07-27T11:12:27.375+09:00","@version":"1","message":"Getting all instance registry info from the eureka server","logger_name":"com.netflix.discovery.DiscoveryClient","thread_name":"DiscoveryClient-CacheRefreshExecutor-0","level":"INFO","level_value":20000}
{"@timestamp":"2021-07-27T11:12:27.391+09:00","@version":"1","message":"The response status is 200","logger_name":"com.netflix.discovery.DiscoveryClient","thread_name":"DiscoveryClient-CacheRefreshExecutor-0","level":"INFO","level_value":20000}
{"@timestamp":"2021-07-27T11:12:57.404+09:00","@version":"1","message":"Disable delta property : true","logger_name":"com.netflix.discovery.DiscoveryClient","thread_name":"DiscoveryClient-CacheRefreshExecutor-0","level":"INFO","level_value":20000}
{"@timestamp":"2021-07-27T11:12:57.404+09:00","@version":"1","message":"Single vip registry refresh property : null","logger_name":"com.netflix.discovery.DiscoveryClient","thread_name":"DiscoveryClient-CacheRefreshExecutor-0","level":"INFO","level_value":20000}
{"@timestamp":"2021-07-27T11:12:57.405+09:00","@version":"1","message":"Force full registry fetch : false","logger_name":"com.netflix.discovery.DiscoveryClient","thread_name":"DiscoveryClient-CacheRefreshExecutor-0","level":"INFO","level_value":20000}
{"@timestamp":"2021-07-27T11:12:57.405+09:00","@version":"1","message":"Application is null : false","logger_name":"com.netflix.discovery.DiscoveryClient","thread_name":"DiscoveryClient-CacheRefreshExecutor-0","level":"INFO","level_value":20000}
{"@timestamp":"2021-07-27T11:12:57.405+09:00","@version":"1","message":"Registered Applications size is zero : false","logger_name":"com.netflix.discovery.DiscoveryClient","thread_name":"DiscoveryClient-CacheRefreshExecutor-0","level":"INFO","level_value":20000}
{"@timestamp":"2021-07-27T11:12:57.405+09:00","@version":"1","message":"Application version is -1: false","logger_name":"com.netflix.discovery.DiscoveryClient","thread_name":"DiscoveryClient-CacheRefreshExecutor-0","level":"INFO","level_value":20000}
{"@timestamp":"2021-07-27T11:12:57.405+09:00","@version":"1","message":"Getting all instance registry info from the eureka server","logger_name":"com.netflix.discovery.DiscoveryClient","thread_name":"DiscoveryClient-CacheRefreshExecutor-0","level":"INFO","level_value":20000}
{"@timestamp":"2021-07-27T11:12:57.423+09:00","@version":"1","message":"The response status is 200","logger_name":"com.netflix.discovery.DiscoveryClient","thread_name":"DiscoveryClient-CacheRefreshExecutor-0","level":"INFO","level_value":20000}
{"@timestamp":"2021-07-27T11:13:27.436+09:00","@version":"1","message":"Disable delta property : true","logger_name":"com.netflix.discovery.DiscoveryClient","thread_name":"DiscoveryClient-CacheRefreshExecutor-0","level":"INFO","level_value":20000}
{"@timestamp":"2021-07-27T11:13:27.436+09:00","@version":"1","message":"Single vip registry refresh property : null","logger_name":"com.netflix.discovery.DiscoveryClient","thread_name":"DiscoveryClient-CacheRefreshExecutor-0","level":"INFO","level_value":20000}
{"@timestamp":"2021-07-27T11:13:27.436+09:00","@version":"1","message":"Force full registry fetch : false","logger_name":"com.netflix.discovery.DiscoveryClient","thread_name":"DiscoveryClient-CacheRefreshExecutor-0","level":"INFO","level_value":20000}
{"@timestamp":"2021-07-27T11:13:27.436+09:00","@version":"1","message":"Application is null : false","logger_name":"com.netflix.discovery.DiscoveryClient","thread_name":"DiscoveryClient-CacheRefreshExecutor-0","level":"INFO","level_value":20000}
{"@timestamp":"2021-07-27T11:13:27.437+09:00","@version":"1","message":"Registered Applications size is zero : false","logger_name":"com.netflix.discovery.DiscoveryClient","thread_name":"DiscoveryClient-CacheRefreshExecutor-0","level":"INFO","level_value":20000}
{"@timestamp":"2021-07-27T11:13:27.437+09:00","@version":"1","message":"Application version is -1: false","logger_name":"com.netflix.discovery.DiscoveryClient","thread_name":"DiscoveryClient-CacheRefreshExecutor-0","level":"INFO","level_value":20000}
{"@timestamp":"2021-07-27T11:13:27.437+09:00","@version":"1","message":"Getting all instance registry info from the eureka server","logger_name":"com.netflix.discovery.DiscoveryClient","thread_name":"DiscoveryClient-CacheRefreshExecutor-0","level":"INFO","level_value":20000}
{"@timestamp":"2021-07-27T11:13:27.455+09:00","@version":"1","message":"The response status is 200","logger_name":"com.netflix.discovery.DiscoveryClient","thread_name":"DiscoveryClient-CacheRefreshExecutor-0","level":"INFO","level_value":20000}
{"@timestamp":"2021-07-27T11:13:57.461+09:00","@version":"1","message":"Disable delta property : true","logger_name":"com.netflix.discovery.DiscoveryClient","thread_name":"DiscoveryClient-CacheRefreshExecutor-0","level":"INFO","level_value":20000}
{"@timestamp":"2021-07-27T11:13:57.461+09:00","@version":"1","message":"Single vip registry refresh property : null","logger_name":"com.netflix.discovery.DiscoveryClient","thread_name":"DiscoveryClient-CacheRefreshExecutor-0","level":"INFO","level_value":20000}
{"@timestamp":"2021-07-27T11:13:57.461+09:00","@version":"1","message":"Force full registry fetch : false","logger_name":"com.netflix.discovery.DiscoveryClient","thread_name":"DiscoveryClient-CacheRefreshExecutor-0","level":"INFO","level_value":20000}
{"@timestamp":"2021-07-27T11:13:57.461+09:00","@version":"1","message":"Application is null : false","logger_name":"com.netflix.discovery.DiscoveryClient","thread_name":"DiscoveryClient-CacheRefreshExecutor-0","level":"INFO","level_value":20000}
{"@timestamp":"2021-07-27T11:13:57.461+09:00","@version":"1","message":"Registered Applications size is zero : false","logger_name":"com.netflix.discovery.DiscoveryClient","thread_name":"DiscoveryClient-CacheRefreshExecutor-0","level":"INFO","level_value":20000}
{"@timestamp":"2021-07-27T11:13:57.461+09:00","@version":"1","message":"Application version is -1: false","logger_name":"com.netflix.discovery.DiscoveryClient","thread_name":"DiscoveryClient-CacheRefreshExecutor-0","level":"INFO","level_value":20000}
{"@timestamp":"2021-07-27T11:13:57.462+09:00","@version":"1","message":"Getting all instance registry info from the eureka server","logger_name":"com.netflix.discovery.DiscoveryClient","thread_name":"DiscoveryClient-CacheRefreshExecutor-0","level":"INFO","level_value":20000}
{"@timestamp":"2021-07-27T11:13:57.480+09:00","@version":"1","message":"The response status is 200","logger_name":"com.netflix.discovery.DiscoveryClient","thread_name":"DiscoveryClient-CacheRefreshExecutor-0","level":"INFO","level_value":20000}
{"@timestamp":"2021-07-27T11:14:27.490+09:00","@version":"1","message":"Disable delta property : true","logger_name":"com.netflix.discovery.DiscoveryClient","thread_name":"DiscoveryClient-CacheRefreshExecutor-0","level":"INFO","level_value":20000}
{"@timestamp":"2021-07-27T11:14:27.491+09:00","@version":"1","message":"Single vip registry refresh property : null","logger_name":"com.netflix.discovery.DiscoveryClient","thread_name":"DiscoveryClient-CacheRefreshExecutor-0","level":"INFO","level_value":20000}
{"@timestamp":"2021-07-27T11:14:27.491+09:00","@version":"1","message":"Force full registry fetch : false","logger_name":"com.netflix.discovery.DiscoveryClient","thread_name":"DiscoveryClient-CacheRefreshExecutor-0","level":"INFO","level_value":20000}
{"@timestamp":"2021-07-27T11:14:27.491+09:00","@version":"1","message":"Application is null : false","logger_name":"com.netflix.discovery.DiscoveryClient","thread_name":"DiscoveryClient-CacheRefreshExecutor-0","level":"INFO","level_value":20000}
{"@timestamp":"2021-07-27T11:14:27.491+09:00","@version":"1","message":"Registered Applications size is zero : false","logger_name":"com.netflix.discovery.DiscoveryClient","thread_name":"DiscoveryClient-CacheRefreshExecutor-0","level":"INFO","level_value":20000}
{"@timestamp":"2021-07-27T11:14:27.491+09:00","@version":"1","message":"Application version is -1: false","logger_name":"com.netflix.discovery.DiscoveryClient","thread_name":"DiscoveryClient-CacheRefreshExecutor-0","level":"INFO","level_value":20000}
{"@timestamp":"2021-07-27T11:14:27.491+09:00","@version":"1","message":"Getting all instance registry info from the eureka server","logger_name":"com.netflix.discovery.DiscoveryClient","thread_name":"DiscoveryClient-CacheRefreshExecutor-0","level":"INFO","level_value":20000}
{"@timestamp":"2021-07-27T11:14:27.510+09:00","@version":"1","message":"The response status is 200","logger_name":"com.netflix.discovery.DiscoveryClient","thread_name":"DiscoveryClient-CacheRefreshExecutor-0","level":"INFO","level_value":20000}
{"@timestamp":"2021-07-27T11:14:57.515+09:00","@version":"1","message":"Disable delta property : true","logger_name":"com.netflix.discovery.DiscoveryClient","thread_name":"DiscoveryClient-CacheRefreshExecutor-0","level":"INFO","level_value":20000}
{"@timestamp":"2021-07-27T11:14:57.516+09:00","@version":"1","message":"Single vip registry refresh property : null","logger_name":"com.netflix.discovery.DiscoveryClient","thread_name":"DiscoveryClient-CacheRefreshExecutor-0","level":"INFO","level_value":20000}
{"@timestamp":"2021-07-27T11:14:57.516+09:00","@version":"1","message":"Force full registry fetch : false","logger_name":"com.netflix.discovery.DiscoveryClient","thread_name":"DiscoveryClient-CacheRefreshExecutor-0","level":"INFO","level_value":20000}
{"@timestamp":"2021-07-27T11:14:57.516+09:00","@version":"1","message":"Application is null : false","logger_name":"com.netflix.discovery.DiscoveryClient","thread_name":"DiscoveryClient-CacheRefreshExecutor-0","level":"INFO","level_value":20000}
{"@timestamp":"2021-07-27T11:14:57.516+09:00","@version":"1","message":"Registered Applications size is zero : false","logger_name":"com.netflix.discovery.DiscoveryClient","thread_name":"DiscoveryClient-CacheRefreshExecutor-0","level":"INFO","level_value":20000}
{"@timestamp":"2021-07-27T11:14:57.516+09:00","@version":"1","message":"Application version is -1: false","logger_name":"com.netflix.discovery.DiscoveryClient","thread_name":"DiscoveryClient-CacheRefreshExecutor-0","level":"INFO","level_value":20000}
{"@timestamp":"2021-07-27T11:14:57.516+09:00","@version":"1","message":"Getting all instance registry info from the eureka server","logger_name":"com.netflix.discovery.DiscoveryClient","thread_name":"DiscoveryClient-CacheRefreshExecutor-0","level":"INFO","level_value":20000}
{"@timestamp":"2021-07-27T11:14:57.534+09:00","@version":"1","message":"The response status is 200","logger_name":"com.netflix.discovery.DiscoveryClient","thread_name":"DiscoveryClient-CacheRefreshExecutor-0","level":"INFO","level_value":20000}
{"@timestamp":"2021-07-27T11:15:27.541+09:00","@version":"1","message":"Disable delta property : true","logger_name":"com.netflix.discovery.DiscoveryClient","thread_name":"DiscoveryClient-CacheRefreshExecutor-0","level":"INFO","level_value":20000}
{"@timestamp":"2021-07-27T11:15:27.541+09:00","@version":"1","message":"Single vip registry refresh property : null","logger_name":"com.netflix.discovery.DiscoveryClient","thread_name":"DiscoveryClient-CacheRefreshExecutor-0","level":"INFO","level_value":20000}
{"@timestamp":"2021-07-27T11:15:27.542+09:00","@version":"1","message":"Force full registry fetch : false","logger_name":"com.netflix.discovery.DiscoveryClient","thread_name":"DiscoveryClient-CacheRefreshExecutor-0","level":"INFO","level_value":20000}
{"@timestamp":"2021-07-27T11:15:27.542+09:00","@version":"1","message":"Application is null : false","logger_name":"com.netflix.discovery.DiscoveryClient","thread_name":"DiscoveryClient-CacheRefreshExecutor-0","level":"INFO","level_value":20000}
{"@timestamp":"2021-07-27T11:15:27.542+09:00","@version":"1","message":"Registered Applications size is zero : false","logger_name":"com.netflix.discovery.DiscoveryClient","thread_name":"DiscoveryClient-CacheRefreshExecutor-0","level":"INFO","level_value":20000}
{"@timestamp":"2021-07-27T11:15:27.542+09:00","@version":"1","message":"Application version is -1: false","logger_name":"com.netflix.discovery.DiscoveryClient","thread_name":"DiscoveryClient-CacheRefreshExecutor-0","level":"INFO","level_value":20000}
{"@timestamp":"2021-07-27T11:15:27.542+09:00","@version":"1","message":"Getting all instance registry info from the eureka server","logger_name":"com.netflix.discovery.DiscoveryClient","thread_name":"DiscoveryClient-CacheRefreshExecutor-0","level":"INFO","level_value":20000}
{"@timestamp":"2021-07-27T11:15:27.563+09:00","@version":"1","message":"The response status is 200","logger_name":"com.netflix.discovery.DiscoveryClient","thread_name":"DiscoveryClient-CacheRefreshExecutor-0","level":"INFO","level_value":20000}
{"@timestamp":"2021-07-27T11:15:57.576+09:00","@version":"1","message":"Disable delta property : true","logger_name":"com.netflix.discovery.DiscoveryClient","thread_name":"DiscoveryClient-CacheRefreshExecutor-0","level":"INFO","level_value":20000}
{"@timestamp":"2021-07-27T11:15:57.576+09:00","@version":"1","message":"Single vip registry refresh property : null","logger_name":"com.netflix.discovery.DiscoveryClient","thread_name":"DiscoveryClient-CacheRefreshExecutor-0","level":"INFO","level_value":20000}
{"@timestamp":"2021-07-27T11:15:57.576+09:00","@version":"1","message":"Force full registry fetch : false","logger_name":"com.netflix.discovery.DiscoveryClient","thread_name":"DiscoveryClient-CacheRefreshExecutor-0","level":"INFO","level_value":20000}
{"@timestamp":"2021-07-27T11:15:57.577+09:00","@version":"1","message":"Application is null : false","logger_name":"com.netflix.discovery.DiscoveryClient","thread_name":"DiscoveryClient-CacheRefreshExecutor-0","level":"INFO","level_value":20000}
{"@timestamp":"2021-07-27T11:15:57.577+09:00","@version":"1","message":"Registered Applications size is zero : false","logger_name":"com.netflix.discovery.DiscoveryClient","thread_name":"DiscoveryClient-CacheRefreshExecutor-0","level":"INFO","level_value":20000}
{"@timestamp":"2021-07-27T11:15:57.577+09:00","@version":"1","message":"Application version is -1: false","logger_name":"com.netflix.discovery.DiscoveryClient","thread_name":"DiscoveryClient-CacheRefreshExecutor-0","level":"INFO","level_value":20000}
{"@timestamp":"2021-07-27T11:15:57.577+09:00","@version":"1","message":"Getting all instance registry info from the eureka server","logger_name":"com.netflix.discovery.DiscoveryClient","thread_name":"DiscoveryClient-CacheRefreshExecutor-0","level":"INFO","level_value":20000}
{"@timestamp":"2021-07-27T11:15:57.595+09:00","@version":"1","message":"The response status is 200","logger_name":"com.netflix.discovery.DiscoveryClient","thread_name":"DiscoveryClient-CacheRefreshExecutor-0","level":"INFO","level_value":20000}
{"@timestamp":"2021-07-27T11:16:27.603+09:00","@version":"1","message":"Disable delta property : true","logger_name":"com.netflix.discovery.DiscoveryClient","thread_name":"DiscoveryClient-CacheRefreshExecutor-0","level":"INFO","level_value":20000}
{"@timestamp":"2021-07-27T11:16:27.604+09:00","@version":"1","message":"Single vip registry refresh property : null","logger_name":"com.netflix.discovery.DiscoveryClient","thread_name":"DiscoveryClient-CacheRefreshExecutor-0","level":"INFO","level_value":20000}
{"@timestamp":"2021-07-27T11:16:27.604+09:00","@version":"1","message":"Force full registry fetch : false","logger_name":"com.netflix.discovery.DiscoveryClient","thread_name":"DiscoveryClient-CacheRefreshExecutor-0","level":"INFO","level_value":20000}
{"@timestamp":"2021-07-27T11:16:27.604+09:00","@version":"1","message":"Application is null : false","logger_name":"com.netflix.discovery.DiscoveryClient","thread_name":"DiscoveryClient-CacheRefreshExecutor-0","level":"INFO","level_value":20000}
{"@timestamp":"2021-07-27T11:16:27.604+09:00","@version":"1","message":"Registered Applications size is zero : false","logger_name":"com.netflix.discovery.DiscoveryClient","thread_name":"DiscoveryClient-CacheRefreshExecutor-0","level":"INFO","level_value":20000}
{"@timestamp":"2021-07-27T11:16:27.604+09:00","@version":"1","message":"Application version is -1: false","logger_name":"com.netflix.discovery.DiscoveryClient","thread_name":"DiscoveryClient-CacheRefreshExecutor-0","level":"INFO","level_value":20000}
{"@timestamp":"2021-07-27T11:16:27.604+09:00","@version":"1","message":"Getting all instance registry info from the eureka server","logger_name":"com.netflix.discovery.DiscoveryClient","thread_name":"DiscoveryClient-CacheRefreshExecutor-0","level":"INFO","level_value":20000}
{"@timestamp":"2021-07-27T11:16:27.621+09:00","@version":"1","message":"The response status is 200","logger_name":"com.netflix.discovery.DiscoveryClient","thread_name":"DiscoveryClient-CacheRefreshExecutor-0","level":"INFO","level_value":20000}
{"@timestamp":"2021-07-27T11:16:53.477+09:00","@version":"1","message":"Resolving eureka endpoints via configuration","logger_name":"com.netflix.discovery.shared.resolver.aws.ConfigClusterResolver","thread_name":"AsyncResolver-bootstrap-executor-0","level":"INFO","level_value":20000}
{"@timestamp":"2021-07-27T11:16:57.626+09:00","@version":"1","message":"Disable delta property : true","logger_name":"com.netflix.discovery.DiscoveryClient","thread_name":"DiscoveryClient-CacheRefreshExecutor-0","level":"INFO","level_value":20000}
{"@timestamp":"2021-07-27T11:16:57.626+09:00","@version":"1","message":"Single vip registry refresh property : null","logger_name":"com.netflix.discovery.DiscoveryClient","thread_name":"DiscoveryClient-CacheRefreshExecutor-0","level":"INFO","level_value":20000}
{"@timestamp":"2021-07-27T11:16:57.626+09:00","@version":"1","message":"Force full registry fetch : false","logger_name":"com.netflix.discovery.DiscoveryClient","thread_name":"DiscoveryClient-CacheRefreshExecutor-0","level":"INFO","level_value":20000}
{"@timestamp":"2021-07-27T11:16:57.627+09:00","@version":"1","message":"Application is null : false","logger_name":"com.netflix.discovery.DiscoveryClient","thread_name":"DiscoveryClient-CacheRefreshExecutor-0","level":"INFO","level_value":20000}
{"@timestamp":"2021-07-27T11:16:57.627+09:00","@version":"1","message":"Registered Applications size is zero : false","logger_name":"com.netflix.discovery.DiscoveryClient","thread_name":"DiscoveryClient-CacheRefreshExecutor-0","level":"INFO","level_value":20000}
{"@timestamp":"2021-07-27T11:16:57.627+09:00","@version":"1","message":"Application version is -1: false","logger_name":"com.netflix.discovery.DiscoveryClient","thread_name":"DiscoveryClient-CacheRefreshExecutor-0","level":"INFO","level_value":20000}
{"@timestamp":"2021-07-27T11:16:57.627+09:00","@version":"1","message":"Getting all instance registry info from the eureka server","logger_name":"com.netflix.discovery.DiscoveryClient","thread_name":"DiscoveryClient-CacheRefreshExecutor-0","level":"INFO","level_value":20000}
{"@timestamp":"2021-07-27T11:16:57.643+09:00","@version":"1","message":"The response status is 200","logger_name":"com.netflix.discovery.DiscoveryClient","thread_name":"DiscoveryClient-CacheRefreshExecutor-0","level":"INFO","level_value":20000}
{"@timestamp":"2021-07-27T11:17:27.659+09:00","@version":"1","message":"Disable delta property : true","logger_name":"com.netflix.discovery.DiscoveryClient","thread_name":"DiscoveryClient-CacheRefreshExecutor-0","level":"INFO","level_value":20000}
{"@timestamp":"2021-07-27T11:17:27.659+09:00","@version":"1","message":"Single vip registry refresh property : null","logger_name":"com.netflix.discovery.DiscoveryClient","thread_name":"DiscoveryClient-CacheRefreshExecutor-0","level":"INFO","level_value":20000}
{"@timestamp":"2021-07-27T11:17:27.660+09:00","@version":"1","message":"Force full registry fetch : false","logger_name":"com.netflix.discovery.DiscoveryClient","thread_name":"DiscoveryClient-CacheRefreshExecutor-0","level":"INFO","level_value":20000}
{"@timestamp":"2021-07-27T11:17:27.660+09:00","@version":"1","message":"Application is null : false","logger_name":"com.netflix.discovery.DiscoveryClient","thread_name":"DiscoveryClient-CacheRefreshExecutor-0","level":"INFO","level_value":20000}
{"@timestamp":"2021-07-27T11:17:27.660+09:00","@version":"1","message":"Registered Applications size is zero : false","logger_name":"com.netflix.discovery.DiscoveryClient","thread_name":"DiscoveryClient-CacheRefreshExecutor-0","level":"INFO","level_value":20000}
{"@timestamp":"2021-07-27T11:17:27.661+09:00","@version":"1","message":"Application version is -1: false","logger_name":"com.netflix.discovery.DiscoveryClient","thread_name":"DiscoveryClient-CacheRefreshExecutor-0","level":"INFO","level_value":20000}
{"@timestamp":"2021-07-27T11:17:27.661+09:00","@version":"1","message":"Getting all instance registry info from the eureka server","logger_name":"com.netflix.discovery.DiscoveryClient","thread_name":"DiscoveryClient-CacheRefreshExecutor-0","level":"INFO","level_value":20000}
{"@timestamp":"2021-07-27T11:17:27.677+09:00","@version":"1","message":"The response status is 200","logger_name":"com.netflix.discovery.DiscoveryClient","thread_name":"DiscoveryClient-CacheRefreshExecutor-0","level":"INFO","level_value":20000}
{"@timestamp":"2021-07-27T11:17:57.689+09:00","@version":"1","message":"Disable delta property : true","logger_name":"com.netflix.discovery.DiscoveryClient","thread_name":"DiscoveryClient-CacheRefreshExecutor-0","level":"INFO","level_value":20000}
{"@timestamp":"2021-07-27T11:17:57.689+09:00","@version":"1","message":"Single vip registry refresh property : null","logger_name":"com.netflix.discovery.DiscoveryClient","thread_name":"DiscoveryClient-CacheRefreshExecutor-0","level":"INFO","level_value":20000}
{"@timestamp":"2021-07-27T11:17:57.689+09:00","@version":"1","message":"Force full registry fetch : false","logger_name":"com.netflix.discovery.DiscoveryClient","thread_name":"DiscoveryClient-CacheRefreshExecutor-0","level":"INFO","level_value":20000}
{"@timestamp":"2021-07-27T11:17:57.689+09:00","@version":"1","message":"Application is null : false","logger_name":"com.netflix.discovery.DiscoveryClient","thread_name":"DiscoveryClient-CacheRefreshExecutor-0","level":"INFO","level_value":20000}
{"@timestamp":"2021-07-27T11:17:57.689+09:00","@version":"1","message":"Registered Applications size is zero : false","logger_name":"com.netflix.discovery.DiscoveryClient","thread_name":"DiscoveryClient-CacheRefreshExecutor-0","level":"INFO","level_value":20000}
{"@timestamp":"2021-07-27T11:17:57.689+09:00","@version":"1","message":"Application version is -1: false","logger_name":"com.netflix.discovery.DiscoveryClient","thread_name":"DiscoveryClient-CacheRefreshExecutor-0","level":"INFO","level_value":20000}
{"@timestamp":"2021-07-27T11:17:57.689+09:00","@version":"1","message":"Getting all instance registry info from the eureka server","logger_name":"com.netflix.discovery.DiscoveryClient","thread_name":"DiscoveryClient-CacheRefreshExecutor-0","level":"INFO","level_value":20000}
{"@timestamp":"2021-07-27T11:17:57.707+09:00","@version":"1","message":"The response status is 200","logger_name":"com.netflix.discovery.DiscoveryClient","thread_name":"DiscoveryClient-CacheRefreshExecutor-0","level":"INFO","level_value":20000}
{"@timestamp":"2021-07-27T11:18:27.708+09:00","@version":"1","message":"Disable delta property : true","logger_name":"com.netflix.discovery.DiscoveryClient","thread_name":"DiscoveryClient-CacheRefreshExecutor-0","level":"INFO","level_value":20000}
{"@timestamp":"2021-07-27T11:18:27.708+09:00","@version":"1","message":"Single vip registry refresh property : null","logger_name":"com.netflix.discovery.DiscoveryClient","thread_name":"DiscoveryClient-CacheRefreshExecutor-0","level":"INFO","level_value":20000}
{"@timestamp":"2021-07-27T11:18:27.709+09:00","@version":"1","message":"Force full registry fetch : false","logger_name":"com.netflix.discovery.DiscoveryClient","thread_name":"DiscoveryClient-CacheRefreshExecutor-0","level":"INFO","level_value":20000}
{"@timestamp":"2021-07-27T11:18:27.709+09:00","@version":"1","message":"Application is null : false","logger_name":"com.netflix.discovery.DiscoveryClient","thread_name":"DiscoveryClient-CacheRefreshExecutor-0","level":"INFO","level_value":20000}
{"@timestamp":"2021-07-27T11:18:27.709+09:00","@version":"1","message":"Registered Applications size is zero : false","logger_name":"com.netflix.discovery.DiscoveryClient","thread_name":"DiscoveryClient-CacheRefreshExecutor-0","level":"INFO","level_value":20000}
{"@timestamp":"2021-07-27T11:18:27.709+09:00","@version":"1","message":"Application version is -1: false","logger_name":"com.netflix.discovery.DiscoveryClient","thread_name":"DiscoveryClient-CacheRefreshExecutor-0","level":"INFO","level_value":20000}
{"@timestamp":"2021-07-27T11:18:27.709+09:00","@version":"1","message":"Getting all instance registry info from the eureka server","logger_name":"com.netflix.discovery.DiscoveryClient","thread_name":"DiscoveryClient-CacheRefreshExecutor-0","level":"INFO","level_value":20000}
{"@timestamp":"2021-07-27T11:18:27.726+09:00","@version":"1","message":"The response status is 200","logger_name":"com.netflix.discovery.DiscoveryClient","thread_name":"DiscoveryClient-CacheRefreshExecutor-0","level":"INFO","level_value":20000}
{"@timestamp":"2021-07-27T11:18:57.734+09:00","@version":"1","message":"Disable delta property : true","logger_name":"com.netflix.discovery.DiscoveryClient","thread_name":"DiscoveryClient-CacheRefreshExecutor-0","level":"INFO","level_value":20000}
{"@timestamp":"2021-07-27T11:18:57.734+09:00","@version":"1","message":"Single vip registry refresh property : null","logger_name":"com.netflix.discovery.DiscoveryClient","thread_name":"DiscoveryClient-CacheRefreshExecutor-0","level":"INFO","level_value":20000}
{"@timestamp":"2021-07-27T11:18:57.735+09:00","@version":"1","message":"Force full registry fetch : false","logger_name":"com.netflix.discovery.DiscoveryClient","thread_name":"DiscoveryClient-CacheRefreshExecutor-0","level":"INFO","level_value":20000}
{"@timestamp":"2021-07-27T11:18:57.735+09:00","@version":"1","message":"Application is null : false","logger_name":"com.netflix.discovery.DiscoveryClient","thread_name":"DiscoveryClient-CacheRefreshExecutor-0","level":"INFO","level_value":20000}
{"@timestamp":"2021-07-27T11:18:57.735+09:00","@version":"1","message":"Registered Applications size is zero : false","logger_name":"com.netflix.discovery.DiscoveryClient","thread_name":"DiscoveryClient-CacheRefreshExecutor-0","level":"INFO","level_value":20000}
{"@timestamp":"2021-07-27T11:18:57.735+09:00","@version":"1","message":"Application version is -1: false","logger_name":"com.netflix.discovery.DiscoveryClient","thread_name":"DiscoveryClient-CacheRefreshExecutor-0","level":"INFO","level_value":20000}
{"@timestamp":"2021-07-27T11:18:57.735+09:00","@version":"1","message":"Getting all instance registry info from the eureka server","logger_name":"com.netflix.discovery.DiscoveryClient","thread_name":"DiscoveryClient-CacheRefreshExecutor-0","level":"INFO","level_value":20000}
{"@timestamp":"2021-07-27T11:18:57.751+09:00","@version":"1","message":"The response status is 200","logger_name":"com.netflix.discovery.DiscoveryClient","thread_name":"DiscoveryClient-CacheRefreshExecutor-0","level":"INFO","level_value":20000}
{"@timestamp":"2021-07-27T11:19:12.623+09:00","@version":"1","message":">>>>>>>>>>>>>>>>>>>>>>>>>>>>>>>>>>>>>>>>>>>>>>>>>>> REQUESTED","logger_name":"com.example.demo.controller.HealthCheckController","thread_name":"reactor-http-nio-5","level":"INFO","level_value":20000,"traceId":"b87206d352082e77","spanId":"1c91261fa4525e72"}
{"@timestamp":"2021-07-27T11:19:12.625+09:00","@version":"1","message":"### msTest Called, response : [MICROSERVICE-02-1][localhost:8082]success(success) => working","logger_name":"com.example.demo.controller.HealthCheckController","thread_name":"reactor-http-nio-5","level":"INFO","level_value":20000,"traceId":"b87206d352082e77","spanId":"1c91261fa4525e72"}
{"@timestamp":"2021-07-27T11:19:14.171+09:00","@version":"1","message":"Spans were dropped due to exceptions. All subsequent errors will be logged at FINE level.","logger_name":"zipkin2.reporter.AsyncReporter$BoundedAsyncReporter","thread_name":"AsyncReporter{RestTemplateSender{http://localhost:9411/api/v2/spans}}","level":"WARN","level_value":30000}
{"@timestamp":"2021-07-27T11:19:14.174+09:00","@version":"1","message":"Dropped 1 spans due to ResourceAccessException(I/O error on POST request for \"http://localhost:9411/api/v2/spans\": connect timed out; nested exception is java.net.SocketTimeoutException: connect timed out)","logger_name":"zipkin2.reporter.AsyncReporter$BoundedAsyncReporter","thread_name":"AsyncReporter{RestTemplateSender{http://localhost:9411/api/v2/spans}}","level":"WARN","level_value":30000,"stack_trace":"org.springframework.web.client.ResourceAccessException: I/O error on POST request for \"http://localhost:9411/api/v2/spans\": connect timed out; nested exception is java.net.SocketTimeoutException: connect timed out\r\n\tat org.springframework.web.client.RestTemplate.doExecute(RestTemplate.java:785)\r\n\tat org.springframework.cloud.sleuth.zipkin2.ZipkinRestTemplateWrapper.doExecute(ZipkinRestTemplateWrapper.java:69)\r\n\tat org.springframework.web.client.RestTemplate.exchange(RestTemplate.java:660)\r\n\tat org.springframework.cloud.sleuth.zipkin2.RestTemplateSender.post(RestTemplateSender.java:151)\r\n\tat org.springframework.cloud.sleuth.zipkin2.RestTemplateSender$HttpPostCall.doExecute(RestTemplateSender.java:169)\r\n\tat org.springframework.cloud.sleuth.zipkin2.RestTemplateSender$HttpPostCall.doExecute(RestTemplateSender.java:159)\r\n\tat zipkin2.Call$Base.execute(Call.java:391)\r\n\tat zipkin2.reporter.AsyncReporter$BoundedAsyncReporter.flush(AsyncReporter.java:299)\r\n\tat zipkin2.reporter.AsyncReporter$Flusher.run(AsyncReporter.java:378)\r\n\tat java.lang.Thread.run(Thread.java:748)\r\nCaused by: java.net.SocketTimeoutException: connect timed out\r\n\tat java.net.DualStackPlainSocketImpl.waitForConnect(Native Method)\r\n\tat java.net.DualStackPlainSocketImpl.socketConnect(DualStackPlainSocketImpl.java:85)\r\n\tat java.net.AbstractPlainSocketImpl.doConnect(AbstractPlainSocketImpl.java:350)\r\n\tat java.net.AbstractPlainSocketImpl.connectToAddress(AbstractPlainSocketImpl.java:206)\r\n\tat java.net.AbstractPlainSocketImpl.connect(AbstractPlainSocketImpl.java:188)\r\n\tat java.net.PlainSocketImpl.connect(PlainSocketImpl.java:172)\r\n\tat java.net.SocksSocketImpl.connect(SocksSocketImpl.java:392)\r\n\tat java.net.Socket.connect(Socket.java:606)\r\n\tat sun.net.NetworkClient.doConnect(NetworkClient.java:175)\r\n\tat sun.net.www.http.HttpClient.openServer(HttpClient.java:463)\r\n\tat sun.net.www.http.HttpClient.openServer(HttpClient.java:558)\r\n\tat sun.net.www.http.HttpClient.<init>(HttpClient.java:242)\r\n\tat sun.net.www.http.HttpClient.New(HttpClient.java:339)\r\n\tat sun.net.www.http.HttpClient.New(HttpClient.java:357)\r\n\tat sun.net.www.protocol.http.HttpURLConnection.getNewHttpClient(HttpURLConnection.java:1226)\r\n\tat sun.net.www.protocol.http.HttpURLConnection.plainConnect0(HttpURLConnection.java:1162)\r\n\tat sun.net.www.protocol.http.HttpURLConnection.plainConnect(HttpURLConnection.java:1056)\r\n\tat sun.net.www.protocol.http.HttpURLConnection.connect(HttpURLConnection.java:990)\r\n\tat org.springframework.http.client.SimpleBufferingClientHttpRequest.executeInternal(SimpleBufferingClientHttpRequest.java:76)\r\n\tat org.springframework.http.client.AbstractBufferingClientHttpRequest.executeInternal(AbstractBufferingClientHttpRequest.java:48)\r\n\tat org.springframework.http.client.AbstractClientHttpRequest.execute(AbstractClientHttpRequest.java:66)\r\n\tat org.springframework.web.client.RestTemplate.doExecute(RestTemplate.java:776)\r\n\t... 9 common frames omitted\r\n"}
{"@timestamp":"2021-07-27T11:19:15.269+09:00","@version":"1","message":">>>>>>>>>>>>>>>>>>>>>>>>>>>>>>>>>>>>>>>>>>>>>>>>>>> REQUESTED","logger_name":"com.example.demo.controller.HealthCheckController","thread_name":"reactor-http-nio-5","level":"INFO","level_value":20000,"traceId":"672f66c3f7438a70","spanId":"0e8739031846e61c"}
{"@timestamp":"2021-07-27T11:19:15.269+09:00","@version":"1","message":"### msTest Called, response : [MICROSERVICE-02-1][localhost:8082]success(success) => working","logger_name":"com.example.demo.controller.HealthCheckController","thread_name":"reactor-http-nio-5","level":"INFO","level_value":20000,"traceId":"672f66c3f7438a70","spanId":"0e8739031846e61c"}
{"@timestamp":"2021-07-27T11:19:27.755+09:00","@version":"1","message":"Disable delta property : true","logger_name":"com.netflix.discovery.DiscoveryClient","thread_name":"DiscoveryClient-CacheRefreshExecutor-0","level":"INFO","level_value":20000}
{"@timestamp":"2021-07-27T11:19:27.756+09:00","@version":"1","message":"Single vip registry refresh property : null","logger_name":"com.netflix.discovery.DiscoveryClient","thread_name":"DiscoveryClient-CacheRefreshExecutor-0","level":"INFO","level_value":20000}
{"@timestamp":"2021-07-27T11:19:27.756+09:00","@version":"1","message":"Force full registry fetch : false","logger_name":"com.netflix.discovery.DiscoveryClient","thread_name":"DiscoveryClient-CacheRefreshExecutor-0","level":"INFO","level_value":20000}
{"@timestamp":"2021-07-27T11:19:27.756+09:00","@version":"1","message":"Application is null : false","logger_name":"com.netflix.discovery.DiscoveryClient","thread_name":"DiscoveryClient-CacheRefreshExecutor-0","level":"INFO","level_value":20000}
{"@timestamp":"2021-07-27T11:19:27.756+09:00","@version":"1","message":"Registered Applications size is zero : false","logger_name":"com.netflix.discovery.DiscoveryClient","thread_name":"DiscoveryClient-CacheRefreshExecutor-0","level":"INFO","level_value":20000}
{"@timestamp":"2021-07-27T11:19:27.756+09:00","@version":"1","message":"Application version is -1: false","logger_name":"com.netflix.discovery.DiscoveryClient","thread_name":"DiscoveryClient-CacheRefreshExecutor-0","level":"INFO","level_value":20000}
{"@timestamp":"2021-07-27T11:19:27.756+09:00","@version":"1","message":"Getting all instance registry info from the eureka server","logger_name":"com.netflix.discovery.DiscoveryClient","thread_name":"DiscoveryClient-CacheRefreshExecutor-0","level":"INFO","level_value":20000}
{"@timestamp":"2021-07-27T11:19:27.775+09:00","@version":"1","message":"The response status is 200","logger_name":"com.netflix.discovery.DiscoveryClient","thread_name":"DiscoveryClient-CacheRefreshExecutor-0","level":"INFO","level_value":20000}
{"@timestamp":"2021-07-27T11:19:57.784+09:00","@version":"1","message":"Disable delta property : true","logger_name":"com.netflix.discovery.DiscoveryClient","thread_name":"DiscoveryClient-CacheRefreshExecutor-0","level":"INFO","level_value":20000}
{"@timestamp":"2021-07-27T11:19:57.784+09:00","@version":"1","message":"Single vip registry refresh property : null","logger_name":"com.netflix.discovery.DiscoveryClient","thread_name":"DiscoveryClient-CacheRefreshExecutor-0","level":"INFO","level_value":20000}
{"@timestamp":"2021-07-27T11:19:57.785+09:00","@version":"1","message":"Force full registry fetch : false","logger_name":"com.netflix.discovery.DiscoveryClient","thread_name":"DiscoveryClient-CacheRefreshExecutor-0","level":"INFO","level_value":20000}
{"@timestamp":"2021-07-27T11:19:57.785+09:00","@version":"1","message":"Application is null : false","logger_name":"com.netflix.discovery.DiscoveryClient","thread_name":"DiscoveryClient-CacheRefreshExecutor-0","level":"INFO","level_value":20000}
{"@timestamp":"2021-07-27T11:19:57.785+09:00","@version":"1","message":"Registered Applications size is zero : false","logger_name":"com.netflix.discovery.DiscoveryClient","thread_name":"DiscoveryClient-CacheRefreshExecutor-0","level":"INFO","level_value":20000}
{"@timestamp":"2021-07-27T11:19:57.785+09:00","@version":"1","message":"Application version is -1: false","logger_name":"com.netflix.discovery.DiscoveryClient","thread_name":"DiscoveryClient-CacheRefreshExecutor-0","level":"INFO","level_value":20000}
{"@timestamp":"2021-07-27T11:19:57.785+09:00","@version":"1","message":"Getting all instance registry info from the eureka server","logger_name":"com.netflix.discovery.DiscoveryClient","thread_name":"DiscoveryClient-CacheRefreshExecutor-0","level":"INFO","level_value":20000}
{"@timestamp":"2021-07-27T11:19:57.807+09:00","@version":"1","message":"The response status is 200","logger_name":"com.netflix.discovery.DiscoveryClient","thread_name":"DiscoveryClient-CacheRefreshExecutor-0","level":"INFO","level_value":20000}
{"@timestamp":"2021-07-27T11:20:27.810+09:00","@version":"1","message":"Disable delta property : true","logger_name":"com.netflix.discovery.DiscoveryClient","thread_name":"DiscoveryClient-CacheRefreshExecutor-0","level":"INFO","level_value":20000}
{"@timestamp":"2021-07-27T11:20:27.810+09:00","@version":"1","message":"Single vip registry refresh property : null","logger_name":"com.netflix.discovery.DiscoveryClient","thread_name":"DiscoveryClient-CacheRefreshExecutor-0","level":"INFO","level_value":20000}
{"@timestamp":"2021-07-27T11:20:27.810+09:00","@version":"1","message":"Force full registry fetch : false","logger_name":"com.netflix.discovery.DiscoveryClient","thread_name":"DiscoveryClient-CacheRefreshExecutor-0","level":"INFO","level_value":20000}
{"@timestamp":"2021-07-27T11:20:27.810+09:00","@version":"1","message":"Application is null : false","logger_name":"com.netflix.discovery.DiscoveryClient","thread_name":"DiscoveryClient-CacheRefreshExecutor-0","level":"INFO","level_value":20000}
{"@timestamp":"2021-07-27T11:20:27.810+09:00","@version":"1","message":"Registered Applications size is zero : false","logger_name":"com.netflix.discovery.DiscoveryClient","thread_name":"DiscoveryClient-CacheRefreshExecutor-0","level":"INFO","level_value":20000}
{"@timestamp":"2021-07-27T11:20:27.810+09:00","@version":"1","message":"Application version is -1: false","logger_name":"com.netflix.discovery.DiscoveryClient","thread_name":"DiscoveryClient-CacheRefreshExecutor-0","level":"INFO","level_value":20000}
{"@timestamp":"2021-07-27T11:20:27.811+09:00","@version":"1","message":"Getting all instance registry info from the eureka server","logger_name":"com.netflix.discovery.DiscoveryClient","thread_name":"DiscoveryClient-CacheRefreshExecutor-0","level":"INFO","level_value":20000}
{"@timestamp":"2021-07-27T11:20:27.825+09:00","@version":"1","message":"The response status is 200","logger_name":"com.netflix.discovery.DiscoveryClient","thread_name":"DiscoveryClient-CacheRefreshExecutor-0","level":"INFO","level_value":20000}
{"@timestamp":"2021-07-27T11:20:57.840+09:00","@version":"1","message":"Disable delta property : true","logger_name":"com.netflix.discovery.DiscoveryClient","thread_name":"DiscoveryClient-CacheRefreshExecutor-0","level":"INFO","level_value":20000}
{"@timestamp":"2021-07-27T11:20:57.840+09:00","@version":"1","message":"Single vip registry refresh property : null","logger_name":"com.netflix.discovery.DiscoveryClient","thread_name":"DiscoveryClient-CacheRefreshExecutor-0","level":"INFO","level_value":20000}
{"@timestamp":"2021-07-27T11:20:57.840+09:00","@version":"1","message":"Force full registry fetch : false","logger_name":"com.netflix.discovery.DiscoveryClient","thread_name":"DiscoveryClient-CacheRefreshExecutor-0","level":"INFO","level_value":20000}
{"@timestamp":"2021-07-27T11:20:57.840+09:00","@version":"1","message":"Application is null : false","logger_name":"com.netflix.discovery.DiscoveryClient","thread_name":"DiscoveryClient-CacheRefreshExecutor-0","level":"INFO","level_value":20000}
{"@timestamp":"2021-07-27T11:20:57.842+09:00","@version":"1","message":"Registered Applications size is zero : false","logger_name":"com.netflix.discovery.DiscoveryClient","thread_name":"DiscoveryClient-CacheRefreshExecutor-0","level":"INFO","level_value":20000}
{"@timestamp":"2021-07-27T11:20:57.842+09:00","@version":"1","message":"Application version is -1: false","logger_name":"com.netflix.discovery.DiscoveryClient","thread_name":"DiscoveryClient-CacheRefreshExecutor-0","level":"INFO","level_value":20000}
{"@timestamp":"2021-07-27T11:20:57.842+09:00","@version":"1","message":"Getting all instance registry info from the eureka server","logger_name":"com.netflix.discovery.DiscoveryClient","thread_name":"DiscoveryClient-CacheRefreshExecutor-0","level":"INFO","level_value":20000}
{"@timestamp":"2021-07-27T11:20:57.858+09:00","@version":"1","message":"The response status is 200","logger_name":"com.netflix.discovery.DiscoveryClient","thread_name":"DiscoveryClient-CacheRefreshExecutor-0","level":"INFO","level_value":20000}
{"@timestamp":"2021-07-27T11:21:27.876+09:00","@version":"1","message":"Disable delta property : true","logger_name":"com.netflix.discovery.DiscoveryClient","thread_name":"DiscoveryClient-CacheRefreshExecutor-0","level":"INFO","level_value":20000}
{"@timestamp":"2021-07-27T11:21:27.876+09:00","@version":"1","message":"Single vip registry refresh property : null","logger_name":"com.netflix.discovery.DiscoveryClient","thread_name":"DiscoveryClient-CacheRefreshExecutor-0","level":"INFO","level_value":20000}
{"@timestamp":"2021-07-27T11:21:27.877+09:00","@version":"1","message":"Force full registry fetch : false","logger_name":"com.netflix.discovery.DiscoveryClient","thread_name":"DiscoveryClient-CacheRefreshExecutor-0","level":"INFO","level_value":20000}
{"@timestamp":"2021-07-27T11:21:27.877+09:00","@version":"1","message":"Application is null : false","logger_name":"com.netflix.discovery.DiscoveryClient","thread_name":"DiscoveryClient-CacheRefreshExecutor-0","level":"INFO","level_value":20000}
{"@timestamp":"2021-07-27T11:21:27.877+09:00","@version":"1","message":"Registered Applications size is zero : false","logger_name":"com.netflix.discovery.DiscoveryClient","thread_name":"DiscoveryClient-CacheRefreshExecutor-0","level":"INFO","level_value":20000}
{"@timestamp":"2021-07-27T11:21:27.877+09:00","@version":"1","message":"Application version is -1: false","logger_name":"com.netflix.discovery.DiscoveryClient","thread_name":"DiscoveryClient-CacheRefreshExecutor-0","level":"INFO","level_value":20000}
{"@timestamp":"2021-07-27T11:21:27.877+09:00","@version":"1","message":"Getting all instance registry info from the eureka server","logger_name":"com.netflix.discovery.DiscoveryClient","thread_name":"DiscoveryClient-CacheRefreshExecutor-0","level":"INFO","level_value":20000}
{"@timestamp":"2021-07-27T11:21:27.894+09:00","@version":"1","message":"The response status is 200","logger_name":"com.netflix.discovery.DiscoveryClient","thread_name":"DiscoveryClient-CacheRefreshExecutor-0","level":"INFO","level_value":20000}
{"@timestamp":"2021-07-27T11:21:53.484+09:00","@version":"1","message":"Resolving eureka endpoints via configuration","logger_name":"com.netflix.discovery.shared.resolver.aws.ConfigClusterResolver","thread_name":"AsyncResolver-bootstrap-executor-0","level":"INFO","level_value":20000}
{"@timestamp":"2021-07-27T11:21:57.898+09:00","@version":"1","message":"Disable delta property : true","logger_name":"com.netflix.discovery.DiscoveryClient","thread_name":"DiscoveryClient-CacheRefreshExecutor-0","level":"INFO","level_value":20000}
{"@timestamp":"2021-07-27T11:21:57.899+09:00","@version":"1","message":"Single vip registry refresh property : null","logger_name":"com.netflix.discovery.DiscoveryClient","thread_name":"DiscoveryClient-CacheRefreshExecutor-0","level":"INFO","level_value":20000}
{"@timestamp":"2021-07-27T11:21:57.902+09:00","@version":"1","message":"Force full registry fetch : false","logger_name":"com.netflix.discovery.DiscoveryClient","thread_name":"DiscoveryClient-CacheRefreshExecutor-0","level":"INFO","level_value":20000}
{"@timestamp":"2021-07-27T11:21:57.902+09:00","@version":"1","message":"Application is null : false","logger_name":"com.netflix.discovery.DiscoveryClient","thread_name":"DiscoveryClient-CacheRefreshExecutor-0","level":"INFO","level_value":20000}
{"@timestamp":"2021-07-27T11:21:57.903+09:00","@version":"1","message":"Registered Applications size is zero : false","logger_name":"com.netflix.discovery.DiscoveryClient","thread_name":"DiscoveryClient-CacheRefreshExecutor-0","level":"INFO","level_value":20000}
{"@timestamp":"2021-07-27T11:21:57.903+09:00","@version":"1","message":"Application version is -1: false","logger_name":"com.netflix.discovery.DiscoveryClient","thread_name":"DiscoveryClient-CacheRefreshExecutor-0","level":"INFO","level_value":20000}
{"@timestamp":"2021-07-27T11:21:57.904+09:00","@version":"1","message":"Getting all instance registry info from the eureka server","logger_name":"com.netflix.discovery.DiscoveryClient","thread_name":"DiscoveryClient-CacheRefreshExecutor-0","level":"INFO","level_value":20000}
{"@timestamp":"2021-07-27T11:21:57.912+09:00","@version":"1","message":"The response status is 200","logger_name":"com.netflix.discovery.DiscoveryClient","thread_name":"DiscoveryClient-CacheRefreshExecutor-0","level":"INFO","level_value":20000}
{"@timestamp":"2021-07-27T11:22:15.321+09:00","@version":"1","message":">>>>>>>>>>>>>>>>>>>>>>>>>>>>>>>>>>>>>>>>>>>>>>>>>>> REQUESTED","logger_name":"com.example.demo.controller.HealthCheckController","thread_name":"reactor-http-nio-7","level":"INFO","level_value":20000,"traceId":"0a5dcd3661286f22","spanId":"81be0b900c8d90bf"}
{"@timestamp":"2021-07-27T11:22:15.322+09:00","@version":"1","message":"### msTest Called, response : [MICROSERVICE-02-1][localhost:8082]success(success) => working","logger_name":"com.example.demo.controller.HealthCheckController","thread_name":"reactor-http-nio-7","level":"INFO","level_value":20000,"traceId":"0a5dcd3661286f22","spanId":"81be0b900c8d90bf"}
{"@timestamp":"2021-07-27T11:22:27.918+09:00","@version":"1","message":"Disable delta property : true","logger_name":"com.netflix.discovery.DiscoveryClient","thread_name":"DiscoveryClient-CacheRefreshExecutor-0","level":"INFO","level_value":20000}
{"@timestamp":"2021-07-27T11:22:27.918+09:00","@version":"1","message":"Single vip registry refresh property : null","logger_name":"com.netflix.discovery.DiscoveryClient","thread_name":"DiscoveryClient-CacheRefreshExecutor-0","level":"INFO","level_value":20000}
{"@timestamp":"2021-07-27T11:22:27.919+09:00","@version":"1","message":"Force full registry fetch : false","logger_name":"com.netflix.discovery.DiscoveryClient","thread_name":"DiscoveryClient-CacheRefreshExecutor-0","level":"INFO","level_value":20000}
{"@timestamp":"2021-07-27T11:22:27.923+09:00","@version":"1","message":"Application is null : false","logger_name":"com.netflix.discovery.DiscoveryClient","thread_name":"DiscoveryClient-CacheRefreshExecutor-0","level":"INFO","level_value":20000}
{"@timestamp":"2021-07-27T11:22:27.924+09:00","@version":"1","message":"Registered Applications size is zero : false","logger_name":"com.netflix.discovery.DiscoveryClient","thread_name":"DiscoveryClient-CacheRefreshExecutor-0","level":"INFO","level_value":20000}
{"@timestamp":"2021-07-27T11:22:27.924+09:00","@version":"1","message":"Application version is -1: false","logger_name":"com.netflix.discovery.DiscoveryClient","thread_name":"DiscoveryClient-CacheRefreshExecutor-0","level":"INFO","level_value":20000}
{"@timestamp":"2021-07-27T11:22:27.925+09:00","@version":"1","message":"Getting all instance registry info from the eureka server","logger_name":"com.netflix.discovery.DiscoveryClient","thread_name":"DiscoveryClient-CacheRefreshExecutor-0","level":"INFO","level_value":20000}
{"@timestamp":"2021-07-27T11:22:27.937+09:00","@version":"1","message":"The response status is 200","logger_name":"com.netflix.discovery.DiscoveryClient","thread_name":"DiscoveryClient-CacheRefreshExecutor-0","level":"INFO","level_value":20000}
{"@timestamp":"2021-07-27T11:22:57.939+09:00","@version":"1","message":"Disable delta property : true","logger_name":"com.netflix.discovery.DiscoveryClient","thread_name":"DiscoveryClient-CacheRefreshExecutor-0","level":"INFO","level_value":20000}
{"@timestamp":"2021-07-27T11:22:57.939+09:00","@version":"1","message":"Single vip registry refresh property : null","logger_name":"com.netflix.discovery.DiscoveryClient","thread_name":"DiscoveryClient-CacheRefreshExecutor-0","level":"INFO","level_value":20000}
{"@timestamp":"2021-07-27T11:22:57.939+09:00","@version":"1","message":"Force full registry fetch : false","logger_name":"com.netflix.discovery.DiscoveryClient","thread_name":"DiscoveryClient-CacheRefreshExecutor-0","level":"INFO","level_value":20000}
{"@timestamp":"2021-07-27T11:22:57.939+09:00","@version":"1","message":"Application is null : false","logger_name":"com.netflix.discovery.DiscoveryClient","thread_name":"DiscoveryClient-CacheRefreshExecutor-0","level":"INFO","level_value":20000}
{"@timestamp":"2021-07-27T11:22:57.939+09:00","@version":"1","message":"Registered Applications size is zero : false","logger_name":"com.netflix.discovery.DiscoveryClient","thread_name":"DiscoveryClient-CacheRefreshExecutor-0","level":"INFO","level_value":20000}
{"@timestamp":"2021-07-27T11:22:57.940+09:00","@version":"1","message":"Application version is -1: false","logger_name":"com.netflix.discovery.DiscoveryClient","thread_name":"DiscoveryClient-CacheRefreshExecutor-0","level":"INFO","level_value":20000}
{"@timestamp":"2021-07-27T11:22:57.940+09:00","@version":"1","message":"Getting all instance registry info from the eureka server","logger_name":"com.netflix.discovery.DiscoveryClient","thread_name":"DiscoveryClient-CacheRefreshExecutor-0","level":"INFO","level_value":20000}
{"@timestamp":"2021-07-27T11:22:57.956+09:00","@version":"1","message":"The response status is 200","logger_name":"com.netflix.discovery.DiscoveryClient","thread_name":"DiscoveryClient-CacheRefreshExecutor-0","level":"INFO","level_value":20000}
{"@timestamp":"2021-07-27T11:23:27.962+09:00","@version":"1","message":"Disable delta property : true","logger_name":"com.netflix.discovery.DiscoveryClient","thread_name":"DiscoveryClient-CacheRefreshExecutor-0","level":"INFO","level_value":20000}
{"@timestamp":"2021-07-27T11:23:27.962+09:00","@version":"1","message":"Single vip registry refresh property : null","logger_name":"com.netflix.discovery.DiscoveryClient","thread_name":"DiscoveryClient-CacheRefreshExecutor-0","level":"INFO","level_value":20000}
{"@timestamp":"2021-07-27T11:23:27.962+09:00","@version":"1","message":"Force full registry fetch : false","logger_name":"com.netflix.discovery.DiscoveryClient","thread_name":"DiscoveryClient-CacheRefreshExecutor-0","level":"INFO","level_value":20000}
{"@timestamp":"2021-07-27T11:23:27.962+09:00","@version":"1","message":"Application is null : false","logger_name":"com.netflix.discovery.DiscoveryClient","thread_name":"DiscoveryClient-CacheRefreshExecutor-0","level":"INFO","level_value":20000}
{"@timestamp":"2021-07-27T11:23:27.963+09:00","@version":"1","message":"Registered Applications size is zero : false","logger_name":"com.netflix.discovery.DiscoveryClient","thread_name":"DiscoveryClient-CacheRefreshExecutor-0","level":"INFO","level_value":20000}
{"@timestamp":"2021-07-27T11:23:27.963+09:00","@version":"1","message":"Application version is -1: false","logger_name":"com.netflix.discovery.DiscoveryClient","thread_name":"DiscoveryClient-CacheRefreshExecutor-0","level":"INFO","level_value":20000}
{"@timestamp":"2021-07-27T11:23:27.963+09:00","@version":"1","message":"Getting all instance registry info from the eureka server","logger_name":"com.netflix.discovery.DiscoveryClient","thread_name":"DiscoveryClient-CacheRefreshExecutor-0","level":"INFO","level_value":20000}
{"@timestamp":"2021-07-27T11:23:27.980+09:00","@version":"1","message":"The response status is 200","logger_name":"com.netflix.discovery.DiscoveryClient","thread_name":"DiscoveryClient-CacheRefreshExecutor-0","level":"INFO","level_value":20000}
{"@timestamp":"2021-07-27T11:23:57.986+09:00","@version":"1","message":"Disable delta property : true","logger_name":"com.netflix.discovery.DiscoveryClient","thread_name":"DiscoveryClient-CacheRefreshExecutor-0","level":"INFO","level_value":20000}
{"@timestamp":"2021-07-27T11:23:57.986+09:00","@version":"1","message":"Single vip registry refresh property : null","logger_name":"com.netflix.discovery.DiscoveryClient","thread_name":"DiscoveryClient-CacheRefreshExecutor-0","level":"INFO","level_value":20000}
{"@timestamp":"2021-07-27T11:23:57.986+09:00","@version":"1","message":"Force full registry fetch : false","logger_name":"com.netflix.discovery.DiscoveryClient","thread_name":"DiscoveryClient-CacheRefreshExecutor-0","level":"INFO","level_value":20000}
{"@timestamp":"2021-07-27T11:23:57.986+09:00","@version":"1","message":"Application is null : false","logger_name":"com.netflix.discovery.DiscoveryClient","thread_name":"DiscoveryClient-CacheRefreshExecutor-0","level":"INFO","level_value":20000}
{"@timestamp":"2021-07-27T11:23:57.986+09:00","@version":"1","message":"Registered Applications size is zero : false","logger_name":"com.netflix.discovery.DiscoveryClient","thread_name":"DiscoveryClient-CacheRefreshExecutor-0","level":"INFO","level_value":20000}
{"@timestamp":"2021-07-27T11:23:57.987+09:00","@version":"1","message":"Application version is -1: false","logger_name":"com.netflix.discovery.DiscoveryClient","thread_name":"DiscoveryClient-CacheRefreshExecutor-0","level":"INFO","level_value":20000}
{"@timestamp":"2021-07-27T11:23:57.987+09:00","@version":"1","message":"Getting all instance registry info from the eureka server","logger_name":"com.netflix.discovery.DiscoveryClient","thread_name":"DiscoveryClient-CacheRefreshExecutor-0","level":"INFO","level_value":20000}
{"@timestamp":"2021-07-27T11:23:58.006+09:00","@version":"1","message":"The response status is 200","logger_name":"com.netflix.discovery.DiscoveryClient","thread_name":"DiscoveryClient-CacheRefreshExecutor-0","level":"INFO","level_value":20000}
{"@timestamp":"2021-07-27T11:24:28.014+09:00","@version":"1","message":"Disable delta property : true","logger_name":"com.netflix.discovery.DiscoveryClient","thread_name":"DiscoveryClient-CacheRefreshExecutor-0","level":"INFO","level_value":20000}
{"@timestamp":"2021-07-27T11:24:28.015+09:00","@version":"1","message":"Single vip registry refresh property : null","logger_name":"com.netflix.discovery.DiscoveryClient","thread_name":"DiscoveryClient-CacheRefreshExecutor-0","level":"INFO","level_value":20000}
{"@timestamp":"2021-07-27T11:24:28.015+09:00","@version":"1","message":"Force full registry fetch : false","logger_name":"com.netflix.discovery.DiscoveryClient","thread_name":"DiscoveryClient-CacheRefreshExecutor-0","level":"INFO","level_value":20000}
{"@timestamp":"2021-07-27T11:24:28.015+09:00","@version":"1","message":"Application is null : false","logger_name":"com.netflix.discovery.DiscoveryClient","thread_name":"DiscoveryClient-CacheRefreshExecutor-0","level":"INFO","level_value":20000}
{"@timestamp":"2021-07-27T11:24:28.016+09:00","@version":"1","message":"Registered Applications size is zero : false","logger_name":"com.netflix.discovery.DiscoveryClient","thread_name":"DiscoveryClient-CacheRefreshExecutor-0","level":"INFO","level_value":20000}
{"@timestamp":"2021-07-27T11:24:28.016+09:00","@version":"1","message":"Application version is -1: false","logger_name":"com.netflix.discovery.DiscoveryClient","thread_name":"DiscoveryClient-CacheRefreshExecutor-0","level":"INFO","level_value":20000}
{"@timestamp":"2021-07-27T11:24:28.016+09:00","@version":"1","message":"Getting all instance registry info from the eureka server","logger_name":"com.netflix.discovery.DiscoveryClient","thread_name":"DiscoveryClient-CacheRefreshExecutor-0","level":"INFO","level_value":20000}
{"@timestamp":"2021-07-27T11:24:28.032+09:00","@version":"1","message":"The response status is 200","logger_name":"com.netflix.discovery.DiscoveryClient","thread_name":"DiscoveryClient-CacheRefreshExecutor-0","level":"INFO","level_value":20000}
{"@timestamp":"2021-07-27T11:24:58.045+09:00","@version":"1","message":"Disable delta property : true","logger_name":"com.netflix.discovery.DiscoveryClient","thread_name":"DiscoveryClient-CacheRefreshExecutor-0","level":"INFO","level_value":20000}
{"@timestamp":"2021-07-27T11:24:58.045+09:00","@version":"1","message":"Single vip registry refresh property : null","logger_name":"com.netflix.discovery.DiscoveryClient","thread_name":"DiscoveryClient-CacheRefreshExecutor-0","level":"INFO","level_value":20000}
{"@timestamp":"2021-07-27T11:24:58.045+09:00","@version":"1","message":"Force full registry fetch : false","logger_name":"com.netflix.discovery.DiscoveryClient","thread_name":"DiscoveryClient-CacheRefreshExecutor-0","level":"INFO","level_value":20000}
{"@timestamp":"2021-07-27T11:24:58.045+09:00","@version":"1","message":"Application is null : false","logger_name":"com.netflix.discovery.DiscoveryClient","thread_name":"DiscoveryClient-CacheRefreshExecutor-0","level":"INFO","level_value":20000}
{"@timestamp":"2021-07-27T11:24:58.046+09:00","@version":"1","message":"Registered Applications size is zero : false","logger_name":"com.netflix.discovery.DiscoveryClient","thread_name":"DiscoveryClient-CacheRefreshExecutor-0","level":"INFO","level_value":20000}
{"@timestamp":"2021-07-27T11:24:58.046+09:00","@version":"1","message":"Application version is -1: false","logger_name":"com.netflix.discovery.DiscoveryClient","thread_name":"DiscoveryClient-CacheRefreshExecutor-0","level":"INFO","level_value":20000}
{"@timestamp":"2021-07-27T11:24:58.046+09:00","@version":"1","message":"Getting all instance registry info from the eureka server","logger_name":"com.netflix.discovery.DiscoveryClient","thread_name":"DiscoveryClient-CacheRefreshExecutor-0","level":"INFO","level_value":20000}
{"@timestamp":"2021-07-27T11:24:58.063+09:00","@version":"1","message":"The response status is 200","logger_name":"com.netflix.discovery.DiscoveryClient","thread_name":"DiscoveryClient-CacheRefreshExecutor-0","level":"INFO","level_value":20000}
{"@timestamp":"2021-07-27T11:25:28.077+09:00","@version":"1","message":"Disable delta property : true","logger_name":"com.netflix.discovery.DiscoveryClient","thread_name":"DiscoveryClient-CacheRefreshExecutor-0","level":"INFO","level_value":20000}
{"@timestamp":"2021-07-27T11:25:28.078+09:00","@version":"1","message":"Single vip registry refresh property : null","logger_name":"com.netflix.discovery.DiscoveryClient","thread_name":"DiscoveryClient-CacheRefreshExecutor-0","level":"INFO","level_value":20000}
{"@timestamp":"2021-07-27T11:25:28.078+09:00","@version":"1","message":"Force full registry fetch : false","logger_name":"com.netflix.discovery.DiscoveryClient","thread_name":"DiscoveryClient-CacheRefreshExecutor-0","level":"INFO","level_value":20000}
{"@timestamp":"2021-07-27T11:25:28.078+09:00","@version":"1","message":"Application is null : false","logger_name":"com.netflix.discovery.DiscoveryClient","thread_name":"DiscoveryClient-CacheRefreshExecutor-0","level":"INFO","level_value":20000}
{"@timestamp":"2021-07-27T11:25:28.078+09:00","@version":"1","message":"Registered Applications size is zero : false","logger_name":"com.netflix.discovery.DiscoveryClient","thread_name":"DiscoveryClient-CacheRefreshExecutor-0","level":"INFO","level_value":20000}
{"@timestamp":"2021-07-27T11:25:28.078+09:00","@version":"1","message":"Application version is -1: false","logger_name":"com.netflix.discovery.DiscoveryClient","thread_name":"DiscoveryClient-CacheRefreshExecutor-0","level":"INFO","level_value":20000}
{"@timestamp":"2021-07-27T11:25:28.078+09:00","@version":"1","message":"Getting all instance registry info from the eureka server","logger_name":"com.netflix.discovery.DiscoveryClient","thread_name":"DiscoveryClient-CacheRefreshExecutor-0","level":"INFO","level_value":20000}
{"@timestamp":"2021-07-27T11:25:28.094+09:00","@version":"1","message":"The response status is 200","logger_name":"com.netflix.discovery.DiscoveryClient","thread_name":"DiscoveryClient-CacheRefreshExecutor-0","level":"INFO","level_value":20000}
{"@timestamp":"2021-07-27T11:25:58.095+09:00","@version":"1","message":"Disable delta property : true","logger_name":"com.netflix.discovery.DiscoveryClient","thread_name":"DiscoveryClient-CacheRefreshExecutor-0","level":"INFO","level_value":20000}
{"@timestamp":"2021-07-27T11:25:58.096+09:00","@version":"1","message":"Single vip registry refresh property : null","logger_name":"com.netflix.discovery.DiscoveryClient","thread_name":"DiscoveryClient-CacheRefreshExecutor-0","level":"INFO","level_value":20000}
{"@timestamp":"2021-07-27T11:25:58.096+09:00","@version":"1","message":"Force full registry fetch : false","logger_name":"com.netflix.discovery.DiscoveryClient","thread_name":"DiscoveryClient-CacheRefreshExecutor-0","level":"INFO","level_value":20000}
{"@timestamp":"2021-07-27T11:25:58.097+09:00","@version":"1","message":"Application is null : false","logger_name":"com.netflix.discovery.DiscoveryClient","thread_name":"DiscoveryClient-CacheRefreshExecutor-0","level":"INFO","level_value":20000}
{"@timestamp":"2021-07-27T11:25:58.097+09:00","@version":"1","message":"Registered Applications size is zero : false","logger_name":"com.netflix.discovery.DiscoveryClient","thread_name":"DiscoveryClient-CacheRefreshExecutor-0","level":"INFO","level_value":20000}
{"@timestamp":"2021-07-27T11:25:58.097+09:00","@version":"1","message":"Application version is -1: false","logger_name":"com.netflix.discovery.DiscoveryClient","thread_name":"DiscoveryClient-CacheRefreshExecutor-0","level":"INFO","level_value":20000}
{"@timestamp":"2021-07-27T11:25:58.097+09:00","@version":"1","message":"Getting all instance registry info from the eureka server","logger_name":"com.netflix.discovery.DiscoveryClient","thread_name":"DiscoveryClient-CacheRefreshExecutor-0","level":"INFO","level_value":20000}
{"@timestamp":"2021-07-27T11:25:58.113+09:00","@version":"1","message":"The response status is 200","logger_name":"com.netflix.discovery.DiscoveryClient","thread_name":"DiscoveryClient-CacheRefreshExecutor-0","level":"INFO","level_value":20000}
{"@timestamp":"2021-07-27T11:26:28.123+09:00","@version":"1","message":"Disable delta property : true","logger_name":"com.netflix.discovery.DiscoveryClient","thread_name":"DiscoveryClient-CacheRefreshExecutor-0","level":"INFO","level_value":20000}
{"@timestamp":"2021-07-27T11:26:28.124+09:00","@version":"1","message":"Single vip registry refresh property : null","logger_name":"com.netflix.discovery.DiscoveryClient","thread_name":"DiscoveryClient-CacheRefreshExecutor-0","level":"INFO","level_value":20000}
{"@timestamp":"2021-07-27T11:26:28.124+09:00","@version":"1","message":"Force full registry fetch : false","logger_name":"com.netflix.discovery.DiscoveryClient","thread_name":"DiscoveryClient-CacheRefreshExecutor-0","level":"INFO","level_value":20000}
{"@timestamp":"2021-07-27T11:26:28.124+09:00","@version":"1","message":"Application is null : false","logger_name":"com.netflix.discovery.DiscoveryClient","thread_name":"DiscoveryClient-CacheRefreshExecutor-0","level":"INFO","level_value":20000}
{"@timestamp":"2021-07-27T11:26:28.124+09:00","@version":"1","message":"Registered Applications size is zero : false","logger_name":"com.netflix.discovery.DiscoveryClient","thread_name":"DiscoveryClient-CacheRefreshExecutor-0","level":"INFO","level_value":20000}
{"@timestamp":"2021-07-27T11:26:28.124+09:00","@version":"1","message":"Application version is -1: false","logger_name":"com.netflix.discovery.DiscoveryClient","thread_name":"DiscoveryClient-CacheRefreshExecutor-0","level":"INFO","level_value":20000}
{"@timestamp":"2021-07-27T11:26:28.124+09:00","@version":"1","message":"Getting all instance registry info from the eureka server","logger_name":"com.netflix.discovery.DiscoveryClient","thread_name":"DiscoveryClient-CacheRefreshExecutor-0","level":"INFO","level_value":20000}
{"@timestamp":"2021-07-27T11:26:28.142+09:00","@version":"1","message":"The response status is 200","logger_name":"com.netflix.discovery.DiscoveryClient","thread_name":"DiscoveryClient-CacheRefreshExecutor-0","level":"INFO","level_value":20000}
{"@timestamp":"2021-07-27T11:26:53.525+09:00","@version":"1","message":"Resolving eureka endpoints via configuration","logger_name":"com.netflix.discovery.shared.resolver.aws.ConfigClusterResolver","thread_name":"AsyncResolver-bootstrap-executor-0","level":"INFO","level_value":20000}
{"@timestamp":"2021-07-27T11:26:58.154+09:00","@version":"1","message":"Disable delta property : true","logger_name":"com.netflix.discovery.DiscoveryClient","thread_name":"DiscoveryClient-CacheRefreshExecutor-0","level":"INFO","level_value":20000}
{"@timestamp":"2021-07-27T11:26:58.154+09:00","@version":"1","message":"Single vip registry refresh property : null","logger_name":"com.netflix.discovery.DiscoveryClient","thread_name":"DiscoveryClient-CacheRefreshExecutor-0","level":"INFO","level_value":20000}
{"@timestamp":"2021-07-27T11:26:58.155+09:00","@version":"1","message":"Force full registry fetch : false","logger_name":"com.netflix.discovery.DiscoveryClient","thread_name":"DiscoveryClient-CacheRefreshExecutor-0","level":"INFO","level_value":20000}
{"@timestamp":"2021-07-27T11:26:58.156+09:00","@version":"1","message":"Application is null : false","logger_name":"com.netflix.discovery.DiscoveryClient","thread_name":"DiscoveryClient-CacheRefreshExecutor-0","level":"INFO","level_value":20000}
{"@timestamp":"2021-07-27T11:26:58.157+09:00","@version":"1","message":"Registered Applications size is zero : false","logger_name":"com.netflix.discovery.DiscoveryClient","thread_name":"DiscoveryClient-CacheRefreshExecutor-0","level":"INFO","level_value":20000}
{"@timestamp":"2021-07-27T11:26:58.157+09:00","@version":"1","message":"Application version is -1: false","logger_name":"com.netflix.discovery.DiscoveryClient","thread_name":"DiscoveryClient-CacheRefreshExecutor-0","level":"INFO","level_value":20000}
{"@timestamp":"2021-07-27T11:26:58.157+09:00","@version":"1","message":"Getting all instance registry info from the eureka server","logger_name":"com.netflix.discovery.DiscoveryClient","thread_name":"DiscoveryClient-CacheRefreshExecutor-0","level":"INFO","level_value":20000}
{"@timestamp":"2021-07-27T11:26:58.173+09:00","@version":"1","message":"The response status is 200","logger_name":"com.netflix.discovery.DiscoveryClient","thread_name":"DiscoveryClient-CacheRefreshExecutor-0","level":"INFO","level_value":20000}
{"@timestamp":"2021-07-27T11:27:28.184+09:00","@version":"1","message":"Disable delta property : true","logger_name":"com.netflix.discovery.DiscoveryClient","thread_name":"DiscoveryClient-CacheRefreshExecutor-0","level":"INFO","level_value":20000}
{"@timestamp":"2021-07-27T11:27:28.185+09:00","@version":"1","message":"Single vip registry refresh property : null","logger_name":"com.netflix.discovery.DiscoveryClient","thread_name":"DiscoveryClient-CacheRefreshExecutor-0","level":"INFO","level_value":20000}
{"@timestamp":"2021-07-27T11:27:28.185+09:00","@version":"1","message":"Force full registry fetch : false","logger_name":"com.netflix.discovery.DiscoveryClient","thread_name":"DiscoveryClient-CacheRefreshExecutor-0","level":"INFO","level_value":20000}
{"@timestamp":"2021-07-27T11:27:28.185+09:00","@version":"1","message":"Application is null : false","logger_name":"com.netflix.discovery.DiscoveryClient","thread_name":"DiscoveryClient-CacheRefreshExecutor-0","level":"INFO","level_value":20000}
{"@timestamp":"2021-07-27T11:27:28.185+09:00","@version":"1","message":"Registered Applications size is zero : false","logger_name":"com.netflix.discovery.DiscoveryClient","thread_name":"DiscoveryClient-CacheRefreshExecutor-0","level":"INFO","level_value":20000}
{"@timestamp":"2021-07-27T11:27:28.185+09:00","@version":"1","message":"Application version is -1: false","logger_name":"com.netflix.discovery.DiscoveryClient","thread_name":"DiscoveryClient-CacheRefreshExecutor-0","level":"INFO","level_value":20000}
{"@timestamp":"2021-07-27T11:27:28.185+09:00","@version":"1","message":"Getting all instance registry info from the eureka server","logger_name":"com.netflix.discovery.DiscoveryClient","thread_name":"DiscoveryClient-CacheRefreshExecutor-0","level":"INFO","level_value":20000}
{"@timestamp":"2021-07-27T11:27:28.201+09:00","@version":"1","message":"The response status is 200","logger_name":"com.netflix.discovery.DiscoveryClient","thread_name":"DiscoveryClient-CacheRefreshExecutor-0","level":"INFO","level_value":20000}
{"@timestamp":"2021-07-27T11:27:58.211+09:00","@version":"1","message":"Disable delta property : true","logger_name":"com.netflix.discovery.DiscoveryClient","thread_name":"DiscoveryClient-CacheRefreshExecutor-0","level":"INFO","level_value":20000}
{"@timestamp":"2021-07-27T11:27:58.211+09:00","@version":"1","message":"Single vip registry refresh property : null","logger_name":"com.netflix.discovery.DiscoveryClient","thread_name":"DiscoveryClient-CacheRefreshExecutor-0","level":"INFO","level_value":20000}
{"@timestamp":"2021-07-27T11:27:58.212+09:00","@version":"1","message":"Force full registry fetch : false","logger_name":"com.netflix.discovery.DiscoveryClient","thread_name":"DiscoveryClient-CacheRefreshExecutor-0","level":"INFO","level_value":20000}
{"@timestamp":"2021-07-27T11:27:58.212+09:00","@version":"1","message":"Application is null : false","logger_name":"com.netflix.discovery.DiscoveryClient","thread_name":"DiscoveryClient-CacheRefreshExecutor-0","level":"INFO","level_value":20000}
{"@timestamp":"2021-07-27T11:27:58.212+09:00","@version":"1","message":"Registered Applications size is zero : false","logger_name":"com.netflix.discovery.DiscoveryClient","thread_name":"DiscoveryClient-CacheRefreshExecutor-0","level":"INFO","level_value":20000}
{"@timestamp":"2021-07-27T11:27:58.212+09:00","@version":"1","message":"Application version is -1: false","logger_name":"com.netflix.discovery.DiscoveryClient","thread_name":"DiscoveryClient-CacheRefreshExecutor-0","level":"INFO","level_value":20000}
{"@timestamp":"2021-07-27T11:27:58.212+09:00","@version":"1","message":"Getting all instance registry info from the eureka server","logger_name":"com.netflix.discovery.DiscoveryClient","thread_name":"DiscoveryClient-CacheRefreshExecutor-0","level":"INFO","level_value":20000}
{"@timestamp":"2021-07-27T11:27:58.230+09:00","@version":"1","message":"The response status is 200","logger_name":"com.netflix.discovery.DiscoveryClient","thread_name":"DiscoveryClient-CacheRefreshExecutor-0","level":"INFO","level_value":20000}
{"@timestamp":"2021-07-27T11:28:28.245+09:00","@version":"1","message":"Disable delta property : true","logger_name":"com.netflix.discovery.DiscoveryClient","thread_name":"DiscoveryClient-CacheRefreshExecutor-0","level":"INFO","level_value":20000}
{"@timestamp":"2021-07-27T11:28:28.246+09:00","@version":"1","message":"Single vip registry refresh property : null","logger_name":"com.netflix.discovery.DiscoveryClient","thread_name":"DiscoveryClient-CacheRefreshExecutor-0","level":"INFO","level_value":20000}
{"@timestamp":"2021-07-27T11:28:28.247+09:00","@version":"1","message":"Force full registry fetch : false","logger_name":"com.netflix.discovery.DiscoveryClient","thread_name":"DiscoveryClient-CacheRefreshExecutor-0","level":"INFO","level_value":20000}
{"@timestamp":"2021-07-27T11:28:28.247+09:00","@version":"1","message":"Application is null : false","logger_name":"com.netflix.discovery.DiscoveryClient","thread_name":"DiscoveryClient-CacheRefreshExecutor-0","level":"INFO","level_value":20000}
{"@timestamp":"2021-07-27T11:28:28.247+09:00","@version":"1","message":"Registered Applications size is zero : false","logger_name":"com.netflix.discovery.DiscoveryClient","thread_name":"DiscoveryClient-CacheRefreshExecutor-0","level":"INFO","level_value":20000}
{"@timestamp":"2021-07-27T11:28:28.247+09:00","@version":"1","message":"Application version is -1: false","logger_name":"com.netflix.discovery.DiscoveryClient","thread_name":"DiscoveryClient-CacheRefreshExecutor-0","level":"INFO","level_value":20000}
{"@timestamp":"2021-07-27T11:28:28.247+09:00","@version":"1","message":"Getting all instance registry info from the eureka server","logger_name":"com.netflix.discovery.DiscoveryClient","thread_name":"DiscoveryClient-CacheRefreshExecutor-0","level":"INFO","level_value":20000}
{"@timestamp":"2021-07-27T11:28:28.262+09:00","@version":"1","message":"The response status is 200","logger_name":"com.netflix.discovery.DiscoveryClient","thread_name":"DiscoveryClient-CacheRefreshExecutor-0","level":"INFO","level_value":20000}
{"@timestamp":"2021-07-27T11:28:58.277+09:00","@version":"1","message":"Disable delta property : true","logger_name":"com.netflix.discovery.DiscoveryClient","thread_name":"DiscoveryClient-CacheRefreshExecutor-0","level":"INFO","level_value":20000}
{"@timestamp":"2021-07-27T11:28:58.278+09:00","@version":"1","message":"Single vip registry refresh property : null","logger_name":"com.netflix.discovery.DiscoveryClient","thread_name":"DiscoveryClient-CacheRefreshExecutor-0","level":"INFO","level_value":20000}
{"@timestamp":"2021-07-27T11:28:58.278+09:00","@version":"1","message":"Force full registry fetch : false","logger_name":"com.netflix.discovery.DiscoveryClient","thread_name":"DiscoveryClient-CacheRefreshExecutor-0","level":"INFO","level_value":20000}
{"@timestamp":"2021-07-27T11:28:58.278+09:00","@version":"1","message":"Application is null : false","logger_name":"com.netflix.discovery.DiscoveryClient","thread_name":"DiscoveryClient-CacheRefreshExecutor-0","level":"INFO","level_value":20000}
{"@timestamp":"2021-07-27T11:28:58.278+09:00","@version":"1","message":"Registered Applications size is zero : false","logger_name":"com.netflix.discovery.DiscoveryClient","thread_name":"DiscoveryClient-CacheRefreshExecutor-0","level":"INFO","level_value":20000}
{"@timestamp":"2021-07-27T11:28:58.278+09:00","@version":"1","message":"Application version is -1: false","logger_name":"com.netflix.discovery.DiscoveryClient","thread_name":"DiscoveryClient-CacheRefreshExecutor-0","level":"INFO","level_value":20000}
{"@timestamp":"2021-07-27T11:28:58.278+09:00","@version":"1","message":"Getting all instance registry info from the eureka server","logger_name":"com.netflix.discovery.DiscoveryClient","thread_name":"DiscoveryClient-CacheRefreshExecutor-0","level":"INFO","level_value":20000}
{"@timestamp":"2021-07-27T11:28:58.311+09:00","@version":"1","message":"The response status is 200","logger_name":"com.netflix.discovery.DiscoveryClient","thread_name":"DiscoveryClient-CacheRefreshExecutor-0","level":"INFO","level_value":20000}
{"@timestamp":"2021-07-27T11:29:28.320+09:00","@version":"1","message":"Disable delta property : true","logger_name":"com.netflix.discovery.DiscoveryClient","thread_name":"DiscoveryClient-CacheRefreshExecutor-0","level":"INFO","level_value":20000}
{"@timestamp":"2021-07-27T11:29:28.320+09:00","@version":"1","message":"Single vip registry refresh property : null","logger_name":"com.netflix.discovery.DiscoveryClient","thread_name":"DiscoveryClient-CacheRefreshExecutor-0","level":"INFO","level_value":20000}
{"@timestamp":"2021-07-27T11:29:28.320+09:00","@version":"1","message":"Force full registry fetch : false","logger_name":"com.netflix.discovery.DiscoveryClient","thread_name":"DiscoveryClient-CacheRefreshExecutor-0","level":"INFO","level_value":20000}
{"@timestamp":"2021-07-27T11:29:28.320+09:00","@version":"1","message":"Application is null : false","logger_name":"com.netflix.discovery.DiscoveryClient","thread_name":"DiscoveryClient-CacheRefreshExecutor-0","level":"INFO","level_value":20000}
{"@timestamp":"2021-07-27T11:29:28.321+09:00","@version":"1","message":"Registered Applications size is zero : false","logger_name":"com.netflix.discovery.DiscoveryClient","thread_name":"DiscoveryClient-CacheRefreshExecutor-0","level":"INFO","level_value":20000}
{"@timestamp":"2021-07-27T11:29:28.321+09:00","@version":"1","message":"Application version is -1: false","logger_name":"com.netflix.discovery.DiscoveryClient","thread_name":"DiscoveryClient-CacheRefreshExecutor-0","level":"INFO","level_value":20000}
{"@timestamp":"2021-07-27T11:29:28.321+09:00","@version":"1","message":"Getting all instance registry info from the eureka server","logger_name":"com.netflix.discovery.DiscoveryClient","thread_name":"DiscoveryClient-CacheRefreshExecutor-0","level":"INFO","level_value":20000}
{"@timestamp":"2021-07-27T11:29:28.339+09:00","@version":"1","message":"The response status is 200","logger_name":"com.netflix.discovery.DiscoveryClient","thread_name":"DiscoveryClient-CacheRefreshExecutor-0","level":"INFO","level_value":20000}
