#
# There is insufficient memory for the Java Runtime Environment to continue.
# Native memory allocation (malloc) failed to allocate 610576 bytes for Chunk::new
# Possible reasons:
#   The system is out of physical RAM or swap space
#   The process is running with CompressedOops enabled, and the Java Heap may be blocking the growth of the native heap
# Possible solutions:
#   Reduce memory load on the system
#   Increase physical memory or swap space
#   Check if swap backing store is full
#   Decrease Java heap size (-Xmx/-Xms)
#   Decrease number of Java threads
#   Decrease Java thread stack sizes (-Xss)
#   Set larger code cache with -XX:ReservedCodeCacheSize=
#   JVM is running with Unscaled Compressed Oops mode in which the Java heap is
#     placed in the first 4GB address space. The Java Heap base address is the
#     maximum limit for the native heap growth. Please use -XX:HeapBaseMinAddress
#     to set the Java Heap base and to place the Java Heap above 4GB virtual address.
# This output file may be truncated or incomplete.
#
#  Out of Memory Error (allocation.cpp:389), pid=19992, tid=0x0000000000003950
#
# JRE version: Java(TM) SE Runtime Environment (8.0_241-b07) (build 1.8.0_241-b07)
# Java VM: Java HotSpot(TM) 64-Bit Server VM (25.241-b07 mixed mode windows-amd64 compressed oops)
# Failed to write core dump. Minidumps are not enabled by default on client versions of Windows
#

---------------  T H R E A D  ---------------

Current thread (0x0000000015064000):  JavaThread "C2 CompilerThread1" daemon [_thread_in_native, id=14672, stack(0x00000000158d0000,0x00000000159d0000)]

Stack: [0x00000000158d0000,0x00000000159d0000]
[error occurred during error reporting (printing stack bounds), id 0xc0000005]

Native frames: (J=compiled Java code, j=interpreted, Vv=VM code, C=native code)


Current CompileTask:
C2:   3130  858       4       java.io.WinNTFileSystem::normalize (143 bytes)


---------------  P R O C E S S  ---------------

Java Threads: ( => current thread )
  0x0000000016548000 JavaThread "pool-1-thread-1" [_thread_blocked, id=28292, stack(0x00000000175a0000,0x00000000176a0000)]
  0x0000000015071000 JavaThread "Service Thread" daemon [_thread_blocked, id=7148, stack(0x0000000015bd0000,0x0000000015cd0000)]
  0x000000001506b800 JavaThread "C1 CompilerThread3" daemon [_thread_blocked, id=29936, stack(0x0000000015ad0000,0x0000000015bd0000)]
  0x0000000015066800 JavaThread "C2 CompilerThread2" daemon [_thread_blocked, id=29312, stack(0x00000000159d0000,0x0000000015ad0000)]
=>0x0000000015064000 JavaThread "C2 CompilerThread1" daemon [_thread_in_native, id=14672, stack(0x00000000158d0000,0x00000000159d0000)]
  0x0000000015061000 JavaThread "C2 CompilerThread0" daemon [_thread_blocked, id=23884, stack(0x00000000157d0000,0x00000000158d0000)]
  0x000000001500c000 JavaThread "Attach Listener" daemon [_thread_blocked, id=13452, stack(0x00000000156d0000,0x00000000157d0000)]
  0x000000001505f800 JavaThread "Signal Dispatcher" daemon [_thread_blocked, id=29516, stack(0x00000000155d0000,0x00000000156d0000)]
  0x0000000002a39000 JavaThread "Finalizer" daemon [_thread_blocked, id=21960, stack(0x00000000154d0000,0x00000000155d0000)]
  0x0000000014ff0800 JavaThread "Reference Handler" daemon [_thread_blocked, id=20144, stack(0x00000000153d0000,0x00000000154d0000)]
  0x0000000002942800 JavaThread "main" [_thread_in_native, id=5212, stack(0x0000000002840000,0x0000000002940000)]

Other Threads:
  0x00000000131e9800 VMThread [stack: 0x0000000014ed0000,0x0000000014fd0000] [id=32332]
  0x00000000150dc800 WatcherThread [stack: 0x0000000015cd0000,0x0000000015dd0000] [id=32468]

VM state:not at safepoint (normal execution)

VM Mutex/Monitor currently owned by a thread: None

heap address: 0x00000000fc000000, size: 64 MB, Compressed Oops mode: 32-bit
Narrow klass base: 0x0000000000000000, Narrow klass shift: 3
Compressed class space size: 1073741824 Address: 0x0000000100000000

Heap:
 PSYoungGen      total 18944K, used 7550K [0x00000000feb00000, 0x0000000100000000, 0x0000000100000000)
  eden space 16384K, 30% used [0x00000000feb00000,0x00000000fefe5208,0x00000000ffb00000)
  from space 2560K, 99% used [0x00000000ffd80000,0x00000000ffffa630,0x0000000100000000)
  to   space 2560K, 0% used [0x00000000ffb00000,0x00000000ffb00000,0x00000000ffd80000)
 ParOldGen       total 44032K, used 1762K [0x00000000fc000000, 0x00000000feb00000, 0x00000000feb00000)
  object space 44032K, 4% used [0x00000000fc000000,0x00000000fc1b8a18,0x00000000feb00000)
 Metaspace       used 9247K, capacity 9624K, committed 9856K, reserved 1058816K
  class space    used 1250K, capacity 1358K, committed 1408K, reserved 1048576K

Card table byte_map: [0x00000000022c0000,0x00000000022f0000] byte_map_base: 0x0000000001ae0000

Marking Bits: (ParMarkBitMap*) 0x000000005a3dbe30
 Begin Bits: [0x0000000012600000, 0x0000000012700000)
 End Bits:   [0x0000000012700000, 0x0000000012800000)

Polling page: 0x0000000002290000

CodeCache: size=245760Kb used=3299Kb max_used=3299Kb free=242461Kb
 bounds [0x0000000002a40000, 0x0000000002d80000, 0x0000000011a40000]
 total_blobs=1191 nmethods=872 adapters=232
 compilation: enabled

Compilation events (10 events):
Event: 3.087 Thread 0x000000001506b800 nmethod 865 0x0000000002d66410 code [0x0000000002d665a0, 0x0000000002d668e8]
Event: 3.087 Thread 0x000000001506b800  866   !   3       java.lang.StringCoding::decode (120 bytes)
Event: 3.090 Thread 0x000000001506b800 nmethod 866 0x0000000002d77cd0 code [0x0000000002d78020, 0x0000000002d79a58]
Event: 3.090 Thread 0x0000000015061000 nmethod 862 0x0000000002d75410 code [0x0000000002d75560, 0x0000000002d75c18]
Event: 3.121 Thread 0x000000001506b800  867       3       java.io.File::getAbsolutePath (8 bytes)
Event: 3.121 Thread 0x000000001506b800 nmethod 867 0x0000000002d66050 code [0x0000000002d661c0, 0x0000000002d66368]
Event: 3.122 Thread 0x000000001506b800  868       3       java.io.File::equals (30 bytes)
Event: 3.123 Thread 0x000000001506b800 nmethod 868 0x0000000002d74890 code [0x0000000002d74a40, 0x0000000002d75148]
Event: 3.123 Thread 0x000000001506b800  869       3       java.io.File::compareTo (9 bytes)
Event: 3.123 Thread 0x000000001506b800 nmethod 869 0x0000000002d69fd0 code [0x0000000002d6a160, 0x0000000002d6a548]

GC Heap History (4 events):
Event: 2.332 GC heap before
{Heap before GC invocations=1 (full 0):
 PSYoungGen      total 18944K, used 16384K [0x00000000feb00000, 0x0000000100000000, 0x0000000100000000)
  eden space 16384K, 100% used [0x00000000feb00000,0x00000000ffb00000,0x00000000ffb00000)
  from space 2560K, 0% used [0x00000000ffd80000,0x00000000ffd80000,0x0000000100000000)
  to   space 2560K, 0% used [0x00000000ffb00000,0x00000000ffb00000,0x00000000ffd80000)
 ParOldGen       total 44032K, used 0K [0x00000000fc000000, 0x00000000feb00000, 0x00000000feb00000)
  object space 44032K, 0% used [0x00000000fc000000,0x00000000fc000000,0x00000000feb00000)
 Metaspace       used 6091K, capacity 6334K, committed 6528K, reserved 1056768K
  class space    used 715K, capacity 813K, committed 896K, reserved 1048576K
Event: 2.371 GC heap after
Heap after GC invocations=1 (full 0):
 PSYoungGen      total 18944K, used 2546K [0x00000000feb00000, 0x0000000100000000, 0x0000000100000000)
  eden space 16384K, 0% used [0x00000000feb00000,0x00000000feb00000,0x00000000ffb00000)
  from space 2560K, 99% used [0x00000000ffb00000,0x00000000ffd7cb50,0x00000000ffd80000)
  to   space 2560K, 0% used [0x00000000ffd80000,0x00000000ffd80000,0x0000000100000000)
 ParOldGen       total 44032K, used 105K [0x00000000fc000000, 0x00000000feb00000, 0x00000000feb00000)
  object space 44032K, 0% used [0x00000000fc000000,0x00000000fc01a488,0x00000000feb00000)
 Metaspace       used 6091K, capacity 6334K, committed 6528K, reserved 1056768K
  class space    used 715K, capacity 813K, committed 896K, reserved 1048576K
}
Event: 2.991 GC heap before
{Heap before GC invocations=2 (full 0):
 PSYoungGen      total 18944K, used 18930K [0x00000000feb00000, 0x0000000100000000, 0x0000000100000000)
  eden space 16384K, 100% used [0x00000000feb00000,0x00000000ffb00000,0x00000000ffb00000)
  from space 2560K, 99% used [0x00000000ffb00000,0x00000000ffd7cb50,0x00000000ffd80000)
  to   space 2560K, 0% used [0x00000000ffd80000,0x00000000ffd80000,0x0000000100000000)
 ParOldGen       total 44032K, used 105K [0x00000000fc000000, 0x00000000feb00000, 0x00000000feb00000)
  object space 44032K, 0% used [0x00000000fc000000,0x00000000fc01a488,0x00000000feb00000)
 Metaspace       used 8855K, capacity 9160K, committed 9344K, reserved 1056768K
  class space    used 1179K, capacity 1288K, committed 1408K, reserved 1048576K
Event: 2.999 GC heap after
Heap after GC invocations=2 (full 0):
 PSYoungGen      total 18944K, used 2537K [0x00000000feb00000, 0x0000000100000000, 0x0000000100000000)
  eden space 16384K, 0% used [0x00000000feb00000,0x00000000feb00000,0x00000000ffb00000)
  from space 2560K, 99% used [0x00000000ffd80000,0x00000000ffffa630,0x0000000100000000)
  to   space 2560K, 0% used [0x00000000ffb00000,0x00000000ffb00000,0x00000000ffd80000)
 ParOldGen       total 44032K, used 1762K [0x00000000fc000000, 0x00000000feb00000, 0x00000000feb00000)
  object space 44032K, 4% used [0x00000000fc000000,0x00000000fc1b8a18,0x00000000feb00000)
 Metaspace       used 8855K, capacity 9160K, committed 9344K, reserved 1056768K
  class space    used 1179K, capacity 1288K, committed 1408K, reserved 1048576K
}

Deoptimization events (6 events):
Event: 1.867 Thread 0x0000000002942800 Uncommon trap: reason=unstable_if action=reinterpret pc=0x0000000002c1def8 method=java.lang.String.startsWith(Ljava/lang/String;I)Z @ 25
Event: 2.596 Thread 0x0000000002942800 Uncommon trap: reason=unstable_if action=reinterpret pc=0x0000000002c2e1c0 method=java.util.regex.Matcher.reset()Ljava/util/regex/Matcher; @ 47
Event: 2.596 Thread 0x0000000002942800 Uncommon trap: reason=class_check action=maybe_recompile pc=0x0000000002c2d8a0 method=java.util.regex.Matcher.match(II)Z @ 86
Event: 2.596 Thread 0x0000000002942800 Uncommon trap: reason=class_check action=maybe_recompile pc=0x0000000002c2d8a0 method=java.util.regex.Matcher.match(II)Z @ 86
Event: 2.598 Thread 0x0000000002942800 Uncommon trap: reason=class_check action=maybe_recompile pc=0x0000000002c2d8a0 method=java.util.regex.Matcher.match(II)Z @ 86
Event: 2.598 Thread 0x0000000002942800 Uncommon trap: reason=class_check action=maybe_recompile pc=0x0000000002c2d8a0 method=java.util.regex.Matcher.match(II)Z @ 86

Classes redefined (0 events):
No events

Internal exceptions (10 events):
Event: 2.913 Thread 0x0000000002942800 Exception <a 'java/lang/NoSuchMethodError': java.lang.Object.lambda$static$0(Lorg/gradle/internal/state/ModelObject;)Ljava/lang/String;> (0x00000000ff77f8f8) thrown at [C:\ade\jenkins\workspace\8-2-build-windows-amd64-cygwin\jdk8u241\331\hotspot\src\share
Event: 3.053 Thread 0x0000000002942800 Exception <a 'java/lang/ArrayIndexOutOfBoundsException'> (0x00000000fee22a98) thrown at [C:\ade\jenkins\workspace\8-2-build-windows-amd64-cygwin\jdk8u241\331\hotspot\src\share\vm\runtime\sharedRuntime.cpp, line 605]
Event: 3.053 Thread 0x0000000002942800 Exception <a 'java/lang/ArrayIndexOutOfBoundsException'> (0x00000000fee2eb30) thrown at [C:\ade\jenkins\workspace\8-2-build-windows-amd64-cygwin\jdk8u241\331\hotspot\src\share\vm\runtime\sharedRuntime.cpp, line 605]
Event: 3.054 Thread 0x0000000002942800 Exception <a 'java/lang/ArrayIndexOutOfBoundsException'> (0x00000000fee3b858) thrown at [C:\ade\jenkins\workspace\8-2-build-windows-amd64-cygwin\jdk8u241\331\hotspot\src\share\vm\runtime\sharedRuntime.cpp, line 605]
Event: 3.055 Thread 0x0000000002942800 Exception <a 'java/lang/ArrayIndexOutOfBoundsException'> (0x00000000fee3e8f0) thrown at [C:\ade\jenkins\workspace\8-2-build-windows-amd64-cygwin\jdk8u241\331\hotspot\src\share\vm\runtime\sharedRuntime.cpp, line 605]
Event: 3.055 Thread 0x0000000002942800 Exception <a 'java/lang/ArrayIndexOutOfBoundsException'> (0x00000000fee4bdf0) thrown at [C:\ade\jenkins\workspace\8-2-build-windows-amd64-cygwin\jdk8u241\331\hotspot\src\share\vm\runtime\sharedRuntime.cpp, line 605]
Event: 3.056 Thread 0x0000000002942800 Exception <a 'java/lang/ArrayIndexOutOfBoundsException'> (0x00000000fee5c948) thrown at [C:\ade\jenkins\workspace\8-2-build-windows-amd64-cygwin\jdk8u241\331\hotspot\src\share\vm\runtime\sharedRuntime.cpp, line 605]
Event: 3.057 Thread 0x0000000002942800 Exception <a 'java/lang/ArrayIndexOutOfBoundsException'> (0x00000000fee6f168) thrown at [C:\ade\jenkins\workspace\8-2-build-windows-amd64-cygwin\jdk8u241\331\hotspot\src\share\vm\runtime\sharedRuntime.cpp, line 605]
Event: 3.057 Thread 0x0000000002942800 Exception <a 'java/lang/ArrayIndexOutOfBoundsException'> (0x00000000fee72568) thrown at [C:\ade\jenkins\workspace\8-2-build-windows-amd64-cygwin\jdk8u241\331\hotspot\src\share\vm\runtime\sharedRuntime.cpp, line 605]
Event: 3.057 Thread 0x0000000002942800 Exception <a 'java/lang/ArrayIndexOutOfBoundsException'> (0x00000000fee75a00) thrown at [C:\ade\jenkins\workspace\8-2-build-windows-amd64-cygwin\jdk8u241\331\hotspot\src\share\vm\runtime\sharedRuntime.cpp, line 605]

Events (10 events):
Event: 3.062 loading class org/gradle/internal/classloader/ClassLoaderVisitor
Event: 3.062 loading class org/gradle/internal/classloader/ClassLoaderVisitor done
Event: 3.062 loading class org/gradle/internal/classloader/ClassLoaderHierarchy
Event: 3.062 loading class org/gradle/internal/classloader/ClassLoaderHierarchy done
Event: 3.064 loading class org/gradle/internal/classloader/SystemClassLoaderSpec
Event: 3.064 loading class org/gradle/internal/classloader/SystemClassLoaderSpec done
Event: 3.064 loading class org/gradle/internal/classloader/ClassLoaderSpec
Event: 3.064 loading class org/gradle/internal/classloader/ClassLoaderSpec done
Event: 3.084 loading class org/gradle/api/internal/classpath/ManifestUtil
Event: 3.084 loading class org/gradle/api/internal/classpath/ManifestUtil done


Dynamic libraries:
0x00007ff641a50000 - 0x00007ff641a87000 	C:\Program Files\Java\jdk1.8.0_241\bin\java.exe
0x00007ff8a1150000 - 0x00007ff8a1345000 	C:\WINDOWS\SYSTEM32\ntdll.dll
0x00007ff89f3b0000 - 0x00007ff89f46d000 	C:\WINDOWS\System32\KERNEL32.DLL
0x00007ff89e990000 - 0x00007ff89ec58000 	C:\WINDOWS\System32\KERNELBASE.dll
0x00007ff8a1060000 - 0x00007ff8a110c000 	C:\WINDOWS\System32\ADVAPI32.dll
0x00007ff8a0240000 - 0x00007ff8a02de000 	C:\WINDOWS\System32\msvcrt.dll
0x00007ff8a01a0000 - 0x00007ff8a023b000 	C:\WINDOWS\System32\sechost.dll
0x00007ff89fec0000 - 0x00007ff89ffeb000 	C:\WINDOWS\System32\RPCRT4.dll
0x00007ff89f1c0000 - 0x00007ff89f360000 	C:\WINDOWS\System32\USER32.dll
0x00007ff89f160000 - 0x00007ff89f182000 	C:\WINDOWS\System32\win32u.dll
0x00007ff89f360000 - 0x00007ff89f38a000 	C:\WINDOWS\System32\GDI32.dll
0x00007ff89ef00000 - 0x00007ff89f00b000 	C:\WINDOWS\System32\gdi32full.dll
0x00007ff89e890000 - 0x00007ff89e92d000 	C:\WINDOWS\System32\msvcp_win.dll
0x00007ff89f010000 - 0x00007ff89f110000 	C:\WINDOWS\System32\ucrtbase.dll
0x00007ff882030000 - 0x00007ff8822ca000 	C:\WINDOWS\WinSxS\amd64_microsoft.windows.common-controls_6595b64144ccf1df_6.0.19041.1052_none_60b8f8fd71f5e8cb\COMCTL32.dll
0x00007ff8a0170000 - 0x00007ff8a01a0000 	C:\WINDOWS\System32\IMM32.DLL
0x000000005a460000 - 0x000000005a532000 	C:\Program Files\Java\jdk1.8.0_241\jre\bin\msvcr100.dll
0x0000000059bb0000 - 0x000000005a45c000 	C:\Program Files\Java\jdk1.8.0_241\jre\bin\server\jvm.dll
0x00007ff89fff0000 - 0x00007ff89fff8000 	C:\WINDOWS\System32\PSAPI.DLL
0x00007ff884580000 - 0x00007ff884589000 	C:\WINDOWS\SYSTEM32\WSOCK32.dll
0x00007ff88f400000 - 0x00007ff88f427000 	C:\WINDOWS\SYSTEM32\WINMM.dll
0x00007ff89fc70000 - 0x00007ff89fcdb000 	C:\WINDOWS\System32\WS2_32.dll
0x00007ff893990000 - 0x00007ff89399a000 	C:\WINDOWS\SYSTEM32\VERSION.dll
0x00007ff882d80000 - 0x00007ff882d8f000 	C:\Program Files\Java\jdk1.8.0_241\jre\bin\verify.dll
0x00007ff863460000 - 0x00007ff863489000 	C:\Program Files\Java\jdk1.8.0_241\jre\bin\java.dll
0x00007ff8823e0000 - 0x00007ff8823f6000 	C:\Program Files\Java\jdk1.8.0_241\jre\bin\zip.dll
0x00007ff8a0750000 - 0x00007ff8a0e8f000 	C:\WINDOWS\System32\SHELL32.dll
0x00007ff89c980000 - 0x00007ff89d110000 	C:\WINDOWS\SYSTEM32\windows.storage.dll
0x00007ff89f8b0000 - 0x00007ff89fc05000 	C:\WINDOWS\System32\combase.dll
0x00007ff89e290000 - 0x00007ff89e2bc000 	C:\WINDOWS\SYSTEM32\Wldp.dll
0x00007ff8a00c0000 - 0x00007ff8a016e000 	C:\WINDOWS\System32\SHCORE.dll
0x00007ff8a0000000 - 0x00007ff8a0055000 	C:\WINDOWS\System32\shlwapi.dll
0x00007ff89e7d0000 - 0x00007ff89e7ef000 	C:\WINDOWS\SYSTEM32\profapi.dll
0x00007ff84e400000 - 0x00007ff84e41a000 	C:\Program Files\Java\jdk1.8.0_241\jre\bin\net.dll
0x00007ff89e000000 - 0x00007ff89e06a000 	C:\WINDOWS\system32\mswsock.dll
0x00007ff84a050000 - 0x00007ff84a062000 	C:\Program Files\Java\jdk1.8.0_241\jre\bin\nio.dll
0x00007ff8850f0000 - 0x00007ff885117000 	C:\Users\kwons\.gradle\native\fdc75f09e3144964f2cf3f50f0aa648679c211496f362492102eb8c894070792\windows-amd64\native-platform.dll
0x00007ff841b00000 - 0x00007ff841c96000 	C:\Users\kwons\.gradle\native\12488b8bf47d2d4c9fbf2f6322a914ad602e24e48041cd04a747c6da556b65c4\windows-amd64\native-platform-file-events.dll
0x00007ff862370000 - 0x00007ff86237d000 	C:\Program Files\Java\jdk1.8.0_241\jre\bin\management.dll

VM Arguments:
jvm_args: -Xmx64m -Xms64m -Dorg.gradle.appname=gradlew 
java_command: org.gradle.wrapper.GradleWrapperMain --status --quiet
java_class_path (initial): d:\티맥스소프트\00. 프로젝트\03. 농협 OSS 프로젝트\07. workspace\02. MS Workspace\microservice-01\\gradle\wrapper\gradle-wrapper.jar
Launcher Type: SUN_STANDARD

Environment Variables:
JAVA_HOME=C:\Program Files\Java\jdk1.8.0_241
CLASSPATH=d:\티맥스소프트\00. 프로젝트\03. 농협 OSS 프로젝트\07. workspace\02. MS Workspace\microservice-01\\gradle\wrapper\gradle-wrapper.jar
PATH=C:\Program Files (x86)\VMware\VMware Player\bin\;C:\Program Files (x86)\Microsoft SDKs\Azure\CLI2\wbin;C:\Program Files (x86)\NetSarang\Xftp 6\;C:\Program Files (x86)\NetSarang\Xshell 6\;C:\Program Files\Java\jdk1.8.0_241\bin;C:\Program Files (x86)\Common Files\Oracle\Java\javapath;C:\WINDOWS\system32;C:\WINDOWS;C:\WINDOWS\System32\Wbem;C:\WINDOWS\System32\WindowsPowerShell\v1.0\;C:\WINDOWS\System32\OpenSSH\;C:\Program Files\Git\cmd;C:\Go\bin;D:\vscode workspace\go_workspace\bin;D:\Istio\istio-1.8.2\bin;C:\Program Files\Docker\Docker\resources\bin;C:\ProgramData\DockerDesktop\version-bin;C:\Program Files (x86)\NetSarang\Xshell 7\;D:\작업폴더\gradle-7.0.2\bin;C:\Users\kwons\AppData\Local\Microsoft\WindowsApps;;C:\Users\kwons\AppData\Local\Programs\Microsoft VS Code\bin;C:\Users\kwons\go\bin
USERNAME=kwons
OS=Windows_NT
PROCESSOR_IDENTIFIER=Intel64 Family 6 Model 126 Stepping 5, GenuineIntel



---------------  S Y S T E M  ---------------

OS: Windows 10.0 , 64 bit Build 19041 (10.0.19041.1023)

CPU:total 8 (initial active 8) (4 cores per cpu, 2 threads per core) family 6 model 126 stepping 5, cmov, cx8, fxsr, mmx, sse, sse2, sse3, ssse3, sse4.1, sse4.2, popcnt, avx, avx2, aes, clmul, erms, 3dnowpref, lzcnt, ht, tsc, tscinvbit, bmi1, bmi2, adx

Memory: 4k page, physical 16353412k(774020k free), swap 33705088k(3260k free)

vm_info: Java HotSpot(TM) 64-Bit Server VM (25.241-b07) for windows-amd64 JRE (1.8.0_241-b07), built on Dec 11 2019 10:21:40 by "rejava" with MS VC++ 10.0 (VS2010)

time: Fri Jul 16 10:09:41 2021
timezone: 대한민국 표준시
elapsed time: 3 seconds (0d 0h 0m 3s)

